{"level":"warn","message":"17/10/2022 0:29:59 -Route: /favicon.ico 404 not found -Method: GET"}
{"level":"warn","message":"17/10/2022 0:29:59 -Route: /images/loading.gif 404 not found -Method: GET"}
{"level":"warn","message":"17/10/2022 0:29:59 -Route: /images/close.png 404 not found -Method: GET"}
{"level":"warn","message":"17/10/2022 0:29:59 -Route: /favicon.ico 404 not found -Method: GET"}
{"level":"warn","message":"17/10/2022 0:29:59 -Route: /images/next.png 404 not found -Method: GET"}
{"level":"warn","message":"17/10/2022 0:29:59 -Route: /images/prev.png 404 not found -Method: GET"}
{"level":"warn","message":"17/10/2022 0:29:59 -Route: /favicon.ico 404 not found -Method: GET"}
{"level":"warn","message":"17/10/2022 0:56:47 -Route: /favicon.ico 404 not found -Method: GET"}
{"level":"warn","message":"17/10/2022 0:56:47 -Route: /favicon.ico 404 not found -Method: GET"}
{"level":"warn","message":"17/10/2022 0:56:47 -Route: /images/next.png 404 not found -Method: GET"}
{"level":"warn","message":"17/10/2022 0:56:47 -Route: /images/close.png 404 not found -Method: GET"}
{"level":"warn","message":"17/10/2022 0:56:47 -Route: /favicon.ico 404 not found -Method: GET"}
{"level":"warn","message":"17/10/2022 0:56:47 -Route: /images/prev.png 404 not found -Method: GET"}
{"level":"warn","message":"17/10/2022 0:56:47 -Route: /images/loading.gif 404 not found -Method: GET"}
{"level":"warn","message":"17/10/2022 0:56:47 -Route: /favicon.ico 404 not found -Method: GET"}
{"level":"warn","message":"17/10/2022 0:57:32 -Route: /favicon.ico 404 not found -Method: GET"}
{"level":"warn","message":"18/10/2022 17:26:45 -Route: /favicon.ico 404 not found -Method: GET"}
{"level":"warn","message":"18/10/2022 17:26:45 -Route: /favicon.ico 404 not found -Method: GET"}
{"level":"warn","message":"18/10/2022 17:26:45 -Route: /favicon.ico 404 not found -Method: GET"}
{"level":"warn","message":"18/10/2022 17:26:45 -Route: /favicon.ico 404 not found -Method: GET"}
{"level":"warn","message":"18/10/2022 17:26:45 -Route: /images/prev.png 404 not found -Method: GET"}
{"level":"warn","message":"18/10/2022 17:26:45 -Route: /favicon.ico 404 not found -Method: GET"}
{"level":"warn","message":"18/10/2022 17:26:45 -Route: /images/close.png 404 not found -Method: GET"}
{"level":"warn","message":"18/10/2022 17:26:45 -Route: /images/next.png 404 not found -Method: GET"}
{"level":"warn","message":"18/10/2022 17:26:45 -Route: /images/loading.gif 404 not found -Method: GET"}
{"level":"warn","message":"18/10/2022 17:26:45 -Route: /favicon.ico 404 not found -Method: GET"}
{"level":"warn","message":"18/10/2022 17:26:45 -Route: /images/loading.gif 404 not found -Method: GET"}
{"level":"warn","message":"18/10/2022 17:26:45 -Route: /images/prev.png 404 not found -Method: GET"}
{"level":"warn","message":"18/10/2022 17:26:45 -Route: /images/close.png 404 not found -Method: GET"}
{"level":"warn","message":"18/10/2022 17:26:45 -Route: /favicon.ico 404 not found -Method: GET"}
{"level":"warn","message":"18/10/2022 17:26:45 -Route: /images/next.png 404 not found -Method: GET"}
{"level":"warn","message":"18/10/2022 17:26:45 -Route: /favicon.ico 404 not found -Method: GET"}
{"level":"warn","message":"18/10/2022 17:26:45 -Route: /favicon.ico 404 not found -Method: GET"}
{"level":"warn","message":"18/10/2022 17:26:45 -Route: /favicon.ico 404 not found -Method: GET"}
{"level":"warn","message":"18/10/2022 17:26:45 -Route: /images/prev.png 404 not found -Method: GET"}
{"level":"warn","message":"18/10/2022 17:26:45 -Route: /images/next.png 404 not found -Method: GET"}
{"level":"warn","message":"18/10/2022 17:26:45 -Route: /images/loading.gif 404 not found -Method: GET"}
{"level":"warn","message":"18/10/2022 17:26:45 -Route: /images/close.png 404 not found -Method: GET"}
{"level":"warn","message":"18/10/2022 17:26:45 -Route: /favicon.ico 404 not found -Method: GET"}
{"level":"warn","message":"18/10/2022 17:26:45 -Route: /favicon.ico 404 not found -Method: GET"}
{"level":"warn","message":"18/10/2022 17:26:45 -Route: /favicon.ico 404 not found -Method: GET"}
{"level":"warn","message":"18/10/2022 17:26:45 -Route: /images/loading.gif 404 not found -Method: GET"}
{"level":"warn","message":"18/10/2022 17:26:45 -Route: /images/next.png 404 not found -Method: GET"}
{"level":"warn","message":"18/10/2022 17:26:45 -Route: /images/prev.png 404 not found -Method: GET"}
{"level":"warn","message":"18/10/2022 17:26:45 -Route: /images/close.png 404 not found -Method: GET"}
{"level":"warn","message":"18/10/2022 17:26:45 -Route: /favicon.ico 404 not found -Method: GET"}
{"level":"warn","message":"18/10/2022 17:26:45 -Route: /favicon.ico 404 not found -Method: GET"}
{"level":"warn","message":"18/10/2022 17:26:45 -Route: /images/loading.gif 404 not found -Method: GET"}
{"level":"warn","message":"18/10/2022 17:26:45 -Route: /favicon.ico 404 not found -Method: GET"}
{"level":"warn","message":"18/10/2022 17:26:45 -Route: /images/prev.png 404 not found -Method: GET"}
{"level":"warn","message":"18/10/2022 17:26:45 -Route: /images/next.png 404 not found -Method: GET"}
{"level":"warn","message":"18/10/2022 17:26:45 -Route: /images/close.png 404 not found -Method: GET"}
{"level":"warn","message":"18/10/2022 17:26:45 -Route: /images/close.png 404 not found -Method: GET"}
{"level":"warn","message":"18/10/2022 17:26:45 -Route: /images/next.png 404 not found -Method: GET"}
{"level":"warn","message":"18/10/2022 17:26:45 -Route: /images/loading.gif 404 not found -Method: GET"}
{"level":"warn","message":"18/10/2022 17:26:45 -Route: /favicon.ico 404 not found -Method: GET"}
{"level":"warn","message":"18/10/2022 17:26:45 -Route: /images/prev.png 404 not found -Method: GET"}
{"level":"warn","message":"18/10/2022 17:26:45 -Route: /favicon.ico 404 not found -Method: GET"}
{"level":"warn","message":"18/10/2022 17:26:45 -Route: /images/prev.png 404 not found -Method: GET"}
{"level":"warn","message":"18/10/2022 17:26:45 -Route: /images/close.png 404 not found -Method: GET"}
{"level":"warn","message":"18/10/2022 17:26:45 -Route: /images/next.png 404 not found -Method: GET"}
{"level":"warn","message":"18/10/2022 17:26:45 -Route: /images/loading.gif 404 not found -Method: GET"}
{"level":"warn","message":"18/10/2022 17:26:45 -Route: /favicon.ico 404 not found -Method: GET"}
{"level":"warn","message":"18/10/2022 17:26:45 -Route: /images/next.png 404 not found -Method: GET"}
{"level":"warn","message":"18/10/2022 17:26:45 -Route: /images/prev.png 404 not found -Method: GET"}
{"level":"warn","message":"18/10/2022 17:26:45 -Route: /images/loading.gif 404 not found -Method: GET"}
{"level":"warn","message":"18/10/2022 17:26:45 -Route: /images/close.png 404 not found -Method: GET"}
{"level":"warn","message":"18/10/2022 17:26:45 -Route: /images/close.png 404 not found -Method: GET"}
{"level":"warn","message":"18/10/2022 17:26:45 -Route: /images/prev.png 404 not found -Method: GET"}
{"level":"warn","message":"18/10/2022 17:26:45 -Route: /images/loading.gif 404 not found -Method: GET"}
{"level":"warn","message":"18/10/2022 17:26:45 -Route: /images/next.png 404 not found -Method: GET"}
{"level":"warn","message":"18/10/2022 17:26:45 -Route: /favicon.ico 404 not found -Method: GET"}
{"level":"warn","message":"18/10/2022 17:26:45 -Route: /images/prev.png 404 not found -Method: GET"}
{"level":"warn","message":"18/10/2022 17:26:45 -Route: /images/next.png 404 not found -Method: GET"}
{"level":"warn","message":"18/10/2022 17:26:45 -Route: /images/loading.gif 404 not found -Method: GET"}
{"level":"warn","message":"18/10/2022 17:26:45 -Route: /favicon.ico 404 not found -Method: GET"}
{"level":"warn","message":"18/10/2022 17:26:45 -Route: /images/close.png 404 not found -Method: GET"}
{"level":"warn","message":"18/10/2022 17:26:45 -Route: /favicon.ico 404 not found -Method: GET"}
{"level":"warn","message":"18/10/2022 17:26:45 -Route: /favicon.ico 404 not found -Method: GET"}
{"level":"warn","message":"18/10/2022 20:49:2 -Route: /favicon.ico 404 not found -Method: GET"}
{"level":"warn","message":"18/10/2022 20:49:2 -Route: /favicon.ico 404 not found -Method: GET"}
{"level":"warn","message":"18/10/2022 20:49:2 -Route: /favicon.ico 404 not found -Method: GET"}
{"level":"warn","message":"18/10/2022 20:49:2 -Route: /favicon.ico 404 not found -Method: GET"}
{"level":"warn","message":"18/10/2022 20:49:2 -Route: /favicon.ico 404 not found -Method: GET"}
{"level":"warn","message":"18/10/2022 20:49:2 -Route: /favicon.ico 404 not found -Method: GET"}
{"level":"warn","message":"18/10/2022 20:49:2 -Route: /favicon.ico 404 not found -Method: GET"}
{"level":"warn","message":"18/10/2022 20:52:45 -Route: /favicon.ico 404 not found -Method: GET"}
{"level":"warn","message":"18/10/2022 20:52:45 -Route: /favicon.ico 404 not found -Method: GET"}
{"level":"warn","message":"18/10/2022 20:53:51 -Route: /favicon.ico 404 not found -Method: GET"}
{"level":"warn","message":"18/10/2022 20:53:51 -Route: /favicon.ico 404 not found -Method: GET"}
{"level":"warn","message":"18/10/2022 20:53:51 -Route: /favicon.ico 404 not found -Method: GET"}
{"level":"warn","message":"18/10/2022 20:53:51 -Route: /favicon.ico 404 not found -Method: GET"}
{"level":"warn","message":"18/10/2022 20:56:31 -Route: /favicon.ico 404 not found -Method: GET"}
{"level":"warn","message":"18/10/2022 20:56:31 -Route: /favicon.ico 404 not found -Method: GET"}
{"level":"warn","message":"18/10/2022 20:57:5 -Route: /favicon.ico 404 not found -Method: GET"}
{"level":"warn","message":"18/10/2022 20:57:5 -Route: /favicon.ico 404 not found -Method: GET"}
{"level":"warn","message":"18/10/2022 20:57:5 -Route: /favicon.ico 404 not found -Method: GET"}
{"level":"warn","message":"18/10/2022 21:43:3 -Route: /favicon.ico 404 not found -Method: GET"}
{"level":"warn","message":"18/10/2022 21:43:3 -Route: /favicon.ico 404 not found -Method: GET"}
{"level":"warn","message":"18/10/2022 21:43:3 -Route: /images/prev.png 404 not found -Method: GET"}
{"level":"warn","message":"18/10/2022 21:43:3 -Route: /favicon.ico 404 not found -Method: GET"}
{"level":"warn","message":"18/10/2022 21:43:3 -Route: /images/loading.gif 404 not found -Method: GET"}
{"level":"warn","message":"18/10/2022 21:43:3 -Route: /images/next.png 404 not found -Method: GET"}
{"level":"warn","message":"18/10/2022 21:43:3 -Route: /images/close.png 404 not found -Method: GET"}
{"level":"warn","message":"18/10/2022 21:43:3 -Route: /favicon.ico 404 not found -Method: GET"}
{"level":"warn","message":"18/10/2022 21:43:3 -Route: /favicon.ico 404 not found -Method: GET"}
{"level":"warn","message":"18/10/2022 21:43:3 -Route: /favicon.ico 404 not found -Method: GET"}
{"level":"warn","message":"18/10/2022 21:43:3 -Route: /favicon.ico 404 not found -Method: GET"}
{"level":"warn","message":"18/10/2022 21:43:3 -Route: /favicon.ico 404 not found -Method: GET"}
{"level":"warn","message":"18/10/2022 21:43:3 -Route: /favicon.ico 404 not found -Method: GET"}
{"level":"warn","message":"18/10/2022 21:43:3 -Route: /favicon.ico 404 not found -Method: GET"}
{"level":"warn","message":"18/10/2022 21:43:3 -Route: /favicon.ico 404 not found -Method: GET"}
{"level":"warn","message":"18/10/2022 21:43:3 -Route: /favicon.ico 404 not found -Method: GET"}
{"level":"warn","message":"18/10/2022 21:43:3 -Route: /favicon.ico 404 not found -Method: GET"}
{"level":"warn","message":"18/10/2022 21:43:3 -Route: /favicon.ico 404 not found -Method: GET"}
{"level":"warn","message":"18/10/2022 21:43:3 -Route: /favicon.ico 404 not found -Method: GET"}
{"level":"warn","message":"18/10/2022 21:43:3 -Route: /favicon.ico 404 not found -Method: GET"}
{"level":"warn","message":"18/10/2022 21:43:3 -Route: /favicon.ico 404 not found -Method: GET"}
{"level":"warn","message":"18/10/2022 21:43:3 -Route: /favicon.ico 404 not found -Method: GET"}
{"level":"warn","message":"18/10/2022 21:43:3 -Route: /favicon.ico 404 not found -Method: GET"}
{"level":"warn","message":"18/10/2022 21:43:3 -Route: /favicon.ico 404 not found -Method: GET"}
{"level":"warn","message":"18/10/2022 21:43:3 -Route: /favicon.ico 404 not found -Method: GET"}
{"level":"warn","message":"18/10/2022 21:43:3 -Route: /images/prev.png 404 not found -Method: GET"}
{"level":"warn","message":"18/10/2022 21:43:3 -Route: /images/loading.gif 404 not found -Method: GET"}
{"level":"warn","message":"18/10/2022 21:43:3 -Route: /favicon.ico 404 not found -Method: GET"}
{"level":"warn","message":"18/10/2022 21:43:3 -Route: /images/close.png 404 not found -Method: GET"}
{"level":"warn","message":"18/10/2022 21:43:3 -Route: /images/next.png 404 not found -Method: GET"}
{"level":"warn","message":"18/10/2022 21:43:3 -Route: /favicon.ico 404 not found -Method: GET"}
{"level":"warn","message":"18/10/2022 21:43:3 -Route: /favicon.ico 404 not found -Method: GET"}
{"level":"warn","message":"18/10/2022 21:43:3 -Route: /favicon.ico 404 not found -Method: GET"}
{"level":"warn","message":"18/10/2022 21:43:3 -Route: /favicon.ico 404 not found -Method: GET"}
{"level":"warn","message":"18/10/2022 21:43:3 -Route: /images/next.png 404 not found -Method: GET"}
{"level":"warn","message":"18/10/2022 21:43:3 -Route: /images/prev.png 404 not found -Method: GET"}
{"level":"warn","message":"18/10/2022 21:43:3 -Route: /images/close.png 404 not found -Method: GET"}
{"level":"warn","message":"18/10/2022 21:43:3 -Route: /images/loading.gif 404 not found -Method: GET"}
{"level":"warn","message":"18/10/2022 21:43:3 -Route: /favicon.ico 404 not found -Method: GET"}
{"level":"warn","message":"18/10/2022 21:43:3 -Route: /images/prev.png 404 not found -Method: GET"}
{"level":"warn","message":"18/10/2022 21:43:3 -Route: /images/next.png 404 not found -Method: GET"}
{"level":"warn","message":"18/10/2022 21:43:3 -Route: /images/loading.gif 404 not found -Method: GET"}
{"level":"warn","message":"18/10/2022 21:43:3 -Route: /images/close.png 404 not found -Method: GET"}
{"level":"warn","message":"18/10/2022 21:43:3 -Route: /favicon.ico 404 not found -Method: GET"}
{"level":"warn","message":"18/10/2022 21:43:3 -Route: /images/close.png 404 not found -Method: GET"}
{"level":"warn","message":"18/10/2022 21:43:3 -Route: /images/next.png 404 not found -Method: GET"}
{"level":"warn","message":"18/10/2022 21:43:3 -Route: /images/loading.gif 404 not found -Method: GET"}
{"level":"warn","message":"18/10/2022 21:43:3 -Route: /images/prev.png 404 not found -Method: GET"}
{"level":"warn","message":"18/10/2022 21:43:3 -Route: /favicon.ico 404 not found -Method: GET"}
{"level":"warn","message":"18/10/2022 21:43:3 -Route: /images/prev.png 404 not found -Method: GET"}
{"level":"warn","message":"18/10/2022 21:43:3 -Route: /images/loading.gif 404 not found -Method: GET"}
{"level":"warn","message":"18/10/2022 21:43:3 -Route: /images/close.png 404 not found -Method: GET"}
{"level":"warn","message":"18/10/2022 21:43:3 -Route: /images/next.png 404 not found -Method: GET"}
{"level":"warn","message":"18/10/2022 21:43:3 -Route: /favicon.ico 404 not found -Method: GET"}
{"level":"warn","message":"18/10/2022 21:43:3 -Route: /favicon.ico 404 not found -Method: GET"}
{"level":"warn","message":"18/10/2022 21:43:3 -Route: /images/prev.png 404 not found -Method: GET"}
{"level":"warn","message":"18/10/2022 21:43:3 -Route: /images/next.png 404 not found -Method: GET"}
{"level":"warn","message":"18/10/2022 21:43:3 -Route: /images/close.png 404 not found -Method: GET"}
{"level":"warn","message":"18/10/2022 21:43:3 -Route: /images/loading.gif 404 not found -Method: GET"}
{"level":"warn","message":"18/10/2022 21:43:3 -Route: /favicon.ico 404 not found -Method: GET"}
{"level":"warn","message":"18/10/2022 21:43:3 -Route: /favicon.ico 404 not found -Method: GET"}
{"level":"warn","message":"18/10/2022 21:43:3 -Route: /images/next.png 404 not found -Method: GET"}
{"level":"warn","message":"18/10/2022 21:43:3 -Route: /images/loading.gif 404 not found -Method: GET"}
{"level":"warn","message":"18/10/2022 21:43:3 -Route: /favicon.ico 404 not found -Method: GET"}
{"level":"warn","message":"18/10/2022 21:43:3 -Route: /images/prev.png 404 not found -Method: GET"}
{"level":"warn","message":"18/10/2022 21:43:3 -Route: /images/close.png 404 not found -Method: GET"}
{"level":"warn","message":"18/10/2022 21:43:3 -Route: /images/next.png 404 not found -Method: GET"}
{"level":"warn","message":"18/10/2022 21:43:3 -Route: /images/close.png 404 not found -Method: GET"}
{"level":"warn","message":"18/10/2022 21:43:3 -Route: /images/prev.png 404 not found -Method: GET"}
{"level":"warn","message":"18/10/2022 21:43:3 -Route: /favicon.ico 404 not found -Method: GET"}
{"level":"warn","message":"18/10/2022 21:43:3 -Route: /images/loading.gif 404 not found -Method: GET"}
{"level":"warn","message":"19/10/2022 15:45:49 -Route: /images/prev.png 404 not found -Method: GET"}
{"level":"warn","message":"19/10/2022 15:45:49 -Route: /images/close.png 404 not found -Method: GET"}
{"level":"warn","message":"19/10/2022 15:45:49 -Route: /favicon.ico 404 not found -Method: GET"}
{"level":"warn","message":"19/10/2022 15:45:49 -Route: /images/next.png 404 not found -Method: GET"}
{"level":"warn","message":"19/10/2022 15:45:49 -Route: /images/loading.gif 404 not found -Method: GET"}
{"level":"warn","message":"19/10/2022 15:45:49 -Route: /favicon.ico 404 not found -Method: GET"}
{"level":"warn","message":"19/10/2022 15:45:49 -Route: /favicon.ico 404 not found -Method: GET"}
{"level":"warn","message":"19/10/2022 15:45:49 -Route: /images/prev.png 404 not found -Method: GET"}
{"level":"warn","message":"19/10/2022 15:45:49 -Route: /images/loading.gif 404 not found -Method: GET"}
{"level":"warn","message":"19/10/2022 15:45:49 -Route: /images/next.png 404 not found -Method: GET"}
{"level":"warn","message":"19/10/2022 15:45:49 -Route: /images/close.png 404 not found -Method: GET"}
{"level":"warn","message":"19/10/2022 15:45:49 -Route: /favicon.ico 404 not found -Method: GET"}
{"level":"warn","message":"19/10/2022 15:45:49 -Route: /favicon.ico 404 not found -Method: GET"}
{"level":"warn","message":"19/10/2022 15:45:49 -Route: /favicon.ico 404 not found -Method: GET"}
{"level":"warn","message":"19/10/2022 15:45:49 -Route: /favicon.ico 404 not found -Method: GET"}
{"level":"warn","message":"19/10/2022 15:45:49 -Route: /favicon.ico 404 not found -Method: GET"}
{"level":"warn","message":"19/10/2022 15:45:49 -Route: /favicon.ico 404 not found -Method: GET"}
{"level":"warn","message":"19/10/2022 15:45:49 -Route: /favicon.ico 404 not found -Method: GET"}
{"level":"warn","message":"19/10/2022 15:45:49 -Route: /favicon.ico 404 not found -Method: GET"}
{"level":"warn","message":"19/10/2022 15:45:49 -Route: /favicon.ico 404 not found -Method: GET"}
{"level":"warn","message":"19/10/2022 15:45:49 -Route: /favicon.ico 404 not found -Method: GET"}
{"level":"warn","message":"19/10/2022 15:45:49 -Route: /favicon.ico 404 not found -Method: GET"}
{"level":"warn","message":"19/10/2022 15:45:49 -Route: /images/prev.png 404 not found -Method: GET"}
{"level":"warn","message":"19/10/2022 15:45:49 -Route: /favicon.ico 404 not found -Method: GET"}
{"level":"warn","message":"19/10/2022 15:45:49 -Route: /images/next.png 404 not found -Method: GET"}
{"level":"warn","message":"19/10/2022 15:45:49 -Route: /images/close.png 404 not found -Method: GET"}
{"level":"warn","message":"19/10/2022 15:45:49 -Route: /images/loading.gif 404 not found -Method: GET"}
{"level":"warn","message":"19/10/2022 15:45:49 -Route: /favicon.ico 404 not found -Method: GET"}
{"level":"warn","message":"19/10/2022 15:45:49 -Route: /favicon.ico 404 not found -Method: GET"}
{"level":"warn","message":"19/10/2022 15:45:49 -Route: /images/prev.png 404 not found -Method: GET"}
{"level":"warn","message":"19/10/2022 15:45:49 -Route: /images/loading.gif 404 not found -Method: GET"}
{"level":"warn","message":"19/10/2022 15:45:49 -Route: /images/next.png 404 not found -Method: GET"}
{"level":"warn","message":"19/10/2022 15:45:49 -Route: /favicon.ico 404 not found -Method: GET"}
{"level":"warn","message":"19/10/2022 15:45:49 -Route: /images/close.png 404 not found -Method: GET"}
{"level":"warn","message":"19/10/2022 15:45:49 -Route: /favicon.ico 404 not found -Method: GET"}
{"level":"warn","message":"19/10/2022 15:45:49 -Route: /favicon.ico 404 not found -Method: GET"}
{"level":"warn","message":"19/10/2022 15:45:49 -Route: /favicon.ico 404 not found -Method: GET"}
{"level":"warn","message":"19/10/2022 15:45:49 -Route: /favicon.ico 404 not found -Method: GET"}
{"level":"warn","message":"19/10/2022 15:45:49 -Route: /images/prev.png 404 not found -Method: GET"}
{"level":"warn","message":"19/10/2022 15:45:49 -Route: /images/loading.gif 404 not found -Method: GET"}
{"level":"warn","message":"19/10/2022 15:45:49 -Route: /images/close.png 404 not found -Method: GET"}
{"level":"warn","message":"19/10/2022 15:45:49 -Route: /images/next.png 404 not found -Method: GET"}
{"level":"warn","message":"21/10/2022 9:11:23 -Route: /favicon.ico 404 not found -Method: GET"}
{"level":"warn","message":"21/10/2022 9:11:23 -Route: /favicon.ico 404 not found -Method: GET"}
{"level":"warn","message":"21/10/2022 9:11:23 -Route: /images/next.png 404 not found -Method: GET"}
{"level":"warn","message":"21/10/2022 9:11:23 -Route: /images/prev.png 404 not found -Method: GET"}
{"level":"warn","message":"21/10/2022 9:11:23 -Route: /images/loading.gif 404 not found -Method: GET"}
{"level":"warn","message":"21/10/2022 9:11:23 -Route: /images/close.png 404 not found -Method: GET"}
{"level":"warn","message":"21/10/2022 9:11:23 -Route: /favicon.ico 404 not found -Method: GET"}
{"level":"warn","message":"21/10/2022 9:11:23 -Route: /images/prev.png 404 not found -Method: GET"}
{"level":"warn","message":"21/10/2022 9:11:23 -Route: /images/loading.gif 404 not found -Method: GET"}
{"level":"warn","message":"21/10/2022 9:11:23 -Route: /images/close.png 404 not found -Method: GET"}
{"level":"warn","message":"21/10/2022 9:11:23 -Route: /images/next.png 404 not found -Method: GET"}
{"level":"warn","message":"21/10/2022 9:11:23 -Route: /favicon.ico 404 not found -Method: GET"}
{"level":"warn","message":"21/10/2022 9:11:23 -Route: /images/next.png 404 not found -Method: GET"}
{"level":"warn","message":"21/10/2022 9:11:23 -Route: /images/close.png 404 not found -Method: GET"}
{"level":"warn","message":"21/10/2022 9:11:23 -Route: /images/loading.gif 404 not found -Method: GET"}
{"level":"warn","message":"21/10/2022 9:11:23 -Route: /images/prev.png 404 not found -Method: GET"}
{"level":"warn","message":"21/10/2022 9:11:23 -Route: /favicon.ico 404 not found -Method: GET"}
{"level":"warn","message":"21/10/2022 9:11:23 -Route: /images/next.png 404 not found -Method: GET"}
{"level":"warn","message":"21/10/2022 9:11:23 -Route: /images/prev.png 404 not found -Method: GET"}
{"level":"warn","message":"21/10/2022 9:11:23 -Route: /images/close.png 404 not found -Method: GET"}
{"level":"warn","message":"21/10/2022 9:11:23 -Route: /images/loading.gif 404 not found -Method: GET"}
{"level":"warn","message":"21/10/2022 9:11:23 -Route: /favicon.ico 404 not found -Method: GET"}
{"level":"warn","message":"21/10/2022 9:11:23 -Route: /images/loading.gif 404 not found -Method: GET"}
{"level":"warn","message":"21/10/2022 9:11:23 -Route: /images/close.png 404 not found -Method: GET"}
{"level":"warn","message":"21/10/2022 9:11:23 -Route: /images/prev.png 404 not found -Method: GET"}
{"level":"warn","message":"21/10/2022 9:11:23 -Route: /images/next.png 404 not found -Method: GET"}
{"level":"warn","message":"21/10/2022 9:11:23 -Route: /favicon.ico 404 not found -Method: GET"}
{"level":"warn","message":"21/10/2022 9:11:23 -Route: /favicon.ico 404 not found -Method: GET"}
{"level":"warn","message":"21/10/2022 9:11:23 -Route: /images/close.png 404 not found -Method: GET"}
{"level":"warn","message":"21/10/2022 9:11:23 -Route: /images/next.png 404 not found -Method: GET"}
{"level":"warn","message":"21/10/2022 9:11:23 -Route: /images/loading.gif 404 not found -Method: GET"}
{"level":"warn","message":"21/10/2022 9:11:23 -Route: /images/prev.png 404 not found -Method: GET"}
{"level":"warn","message":"21/10/2022 9:11:23 -Route: /favicon.ico 404 not found -Method: GET"}
{"level":"warn","message":"21/10/2022 9:11:23 -Route: /favicon.ico 404 not found -Method: GET"}
{"level":"warn","message":"21/10/2022 9:11:23 -Route: /favicon.ico 404 not found -Method: GET"}
{"level":"warn","message":"21/10/2022 9:11:23 -Route: /images/next.png 404 not found -Method: GET"}
{"level":"warn","message":"21/10/2022 9:11:23 -Route: /images/close.png 404 not found -Method: GET"}
{"level":"warn","message":"21/10/2022 9:11:23 -Route: /images/loading.gif 404 not found -Method: GET"}
{"level":"warn","message":"21/10/2022 9:11:23 -Route: /images/prev.png 404 not found -Method: GET"}
{"level":"warn","message":"21/10/2022 9:11:23 -Route: /favicon.ico 404 not found -Method: GET"}
{"level":"warn","message":"21/10/2022 9:11:23 -Route: /favicon.ico 404 not found -Method: GET"}
{"level":"warn","message":"21/10/2022 9:11:23 -Route: /favicon.ico 404 not found -Method: GET"}
{"level":"warn","message":"21/10/2022 9:11:23 -Route: /favicon.ico 404 not found -Method: GET"}
{"level":"warn","message":"21/10/2022 9:11:23 -Route: /favicon.ico 404 not found -Method: GET"}
{"level":"warn","message":"21/10/2022 9:11:23 -Route: /images/prev.png 404 not found -Method: GET"}
{"level":"warn","message":"21/10/2022 9:11:23 -Route: /images/next.png 404 not found -Method: GET"}
{"level":"warn","message":"21/10/2022 9:11:23 -Route: /images/loading.gif 404 not found -Method: GET"}
{"level":"warn","message":"21/10/2022 9:11:23 -Route: /images/close.png 404 not found -Method: GET"}
{"level":"warn","message":"21/10/2022 9:11:23 -Route: /favicon.ico 404 not found -Method: GET"}
{"level":"warn","message":"21/10/2022 9:11:23 -Route: /images/prev.png 404 not found -Method: GET"}
{"level":"warn","message":"21/10/2022 9:11:23 -Route: /images/next.png 404 not found -Method: GET"}
{"level":"warn","message":"21/10/2022 9:11:23 -Route: /images/loading.gif 404 not found -Method: GET"}
{"level":"warn","message":"21/10/2022 9:11:23 -Route: /images/close.png 404 not found -Method: GET"}
{"level":"warn","message":"21/10/2022 9:11:23 -Route: /favicon.ico 404 not found -Method: GET"}
{"level":"warn","message":"21/10/2022 9:11:23 -Route: /favicon.ico 404 not found -Method: GET"}
{"level":"warn","message":"21/10/2022 9:11:23 -Route: /favicon.ico 404 not found -Method: GET"}
{"level":"warn","message":"21/10/2022 9:11:23 -Route: /images/next.png 404 not found -Method: GET"}
{"level":"warn","message":"21/10/2022 9:11:23 -Route: /images/prev.png 404 not found -Method: GET"}
{"level":"warn","message":"21/10/2022 9:11:23 -Route: /images/close.png 404 not found -Method: GET"}
{"level":"warn","message":"21/10/2022 9:11:23 -Route: /images/loading.gif 404 not found -Method: GET"}
{"level":"warn","message":"21/10/2022 9:11:23 -Route: /favicon.ico 404 not found -Method: GET"}
{"level":"warn","message":"21/10/2022 9:11:23 -Route: /favicon.ico 404 not found -Method: GET"}
{"level":"warn","message":"21/10/2022 9:11:23 -Route: /favicon.ico 404 not found -Method: GET"}
{"level":"warn","message":"21/10/2022 9:11:23 -Route: /favicon.ico 404 not found -Method: GET"}
{"level":"warn","message":"21/10/2022 9:11:23 -Route: /images/close.png 404 not found -Method: GET"}
{"level":"warn","message":"21/10/2022 9:11:23 -Route: /images/next.png 404 not found -Method: GET"}
{"level":"warn","message":"21/10/2022 9:11:23 -Route: /images/prev.png 404 not found -Method: GET"}
{"level":"warn","message":"21/10/2022 9:11:23 -Route: /images/loading.gif 404 not found -Method: GET"}
{"level":"warn","message":"21/10/2022 9:11:23 -Route: /favicon.ico 404 not found -Method: GET"}
{"level":"warn","message":"21/10/2022 9:11:23 -Route: /favicon.ico 404 not found -Method: GET"}
{"level":"warn","message":"21/10/2022 9:11:23 -Route: /favicon.ico 404 not found -Method: GET"}
{"level":"warn","message":"21/10/2022 9:11:23 -Route: /favicon.ico 404 not found -Method: GET"}
{"level":"warn","message":"21/10/2022 9:11:23 -Route: /images/loading.gif 404 not found -Method: GET"}
{"level":"warn","message":"21/10/2022 9:11:23 -Route: /images/prev.png 404 not found -Method: GET"}
{"level":"warn","message":"21/10/2022 9:11:23 -Route: /images/close.png 404 not found -Method: GET"}
{"level":"warn","message":"21/10/2022 9:11:23 -Route: /images/next.png 404 not found -Method: GET"}
{"level":"warn","message":"21/10/2022 9:11:23 -Route: /favicon.ico 404 not found -Method: GET"}
{"level":"warn","message":"21/10/2022 9:11:23 -Route: /favicon.ico 404 not found -Method: GET"}
{"level":"warn","message":"21/10/2022 9:11:23 -Route: /favicon.ico 404 not found -Method: GET"}
{"level":"warn","message":"21/10/2022 9:11:23 -Route: /favicon.ico 404 not found -Method: GET"}
{"level":"warn","message":"21/10/2022 9:11:23 -Route: /favicon.ico 404 not found -Method: GET"}
{"level":"warn","message":"21/10/2022 9:11:23 -Route: /favicon.ico 404 not found -Method: GET"}
{"level":"warn","message":"21/10/2022 9:11:23 -Route: /favicon.ico 404 not found -Method: GET"}
{"level":"warn","message":"27/10/2022 10:22:48 -Route: /favicon.ico 404 not found -Method: GET"}
{"level":"warn","message":"27/10/2022 10:22:48 -Route: /images/next.png 404 not found -Method: GET"}
{"level":"warn","message":"27/10/2022 10:22:48 -Route: /images/prev.png 404 not found -Method: GET"}
{"level":"warn","message":"27/10/2022 10:22:48 -Route: /images/close.png 404 not found -Method: GET"}
{"level":"warn","message":"27/10/2022 10:22:48 -Route: /images/loading.gif 404 not found -Method: GET"}
{"level":"warn","message":"27/10/2022 10:22:48 -Route: /favicon.ico 404 not found -Method: GET"}
{"level":"warn","message":"27/10/2022 10:23:31 -Route: /favicon.ico 404 not found -Method: GET"}
{"level":"warn","message":"27/10/2022 10:23:31 -Route: /favicon.ico 404 not found -Method: GET"}
{"level":"warn","message":"27/10/2022 10:23:31 -Route: /show/cart 404 not found -Method: GET"}
{"level":"warn","message":"27/10/2022 10:23:31 -Route: /favicon.ico 404 not found -Method: GET"}
{"level":"warn","message":"27/10/2022 10:23:31 -Route: /images/prev.png 404 not found -Method: GET"}
{"level":"warn","message":"27/10/2022 10:23:31 -Route: /images/close.png 404 not found -Method: GET"}
{"level":"warn","message":"27/10/2022 10:23:31 -Route: /images/next.png 404 not found -Method: GET"}
{"level":"warn","message":"27/10/2022 10:23:31 -Route: /images/loading.gif 404 not found -Method: GET"}
{"level":"warn","message":"27/10/2022 10:23:31 -Route: /favicon.ico 404 not found -Method: GET"}
{"level":"warn","message":"27/10/2022 10:23:31 -Route: /favicon.ico 404 not found -Method: GET"}
{"level":"warn","message":"27/10/2022 10:23:31 -Route: /favicon.ico 404 not found -Method: GET"}
{"level":"warn","message":"27/10/2022 10:23:31 -Route: /favicon.ico 404 not found -Method: GET"}
{"level":"warn","message":"27/10/2022 10:23:31 -Route: /favicon.ico 404 not found -Method: GET"}
{"level":"warn","message":"27/10/2022 10:23:31 -Route: /images/next.png 404 not found -Method: GET"}
{"level":"warn","message":"27/10/2022 10:23:31 -Route: /images/loading.gif 404 not found -Method: GET"}
{"level":"warn","message":"27/10/2022 10:23:31 -Route: /images/prev.png 404 not found -Method: GET"}
{"level":"warn","message":"27/10/2022 10:23:31 -Route: /images/close.png 404 not found -Method: GET"}
{"level":"warn","message":"27/10/2022 10:23:31 -Route: /favicon.ico 404 not found -Method: GET"}
{"level":"warn","message":"27/10/2022 10:23:31 -Route: /favicon.ico 404 not found -Method: GET"}
{"level":"warn","message":"27/10/2022 10:23:31 -Route: /favicon.ico 404 not found -Method: GET"}
{"level":"warn","message":"27/10/2022 10:23:31 -Route: /images/next.png 404 not found -Method: GET"}
{"level":"warn","message":"27/10/2022 10:23:31 -Route: /images/close.png 404 not found -Method: GET"}
{"level":"warn","message":"27/10/2022 10:23:31 -Route: /images/prev.png 404 not found -Method: GET"}
{"level":"warn","message":"27/10/2022 10:23:31 -Route: /images/loading.gif 404 not found -Method: GET"}
{"level":"warn","message":"27/10/2022 10:23:31 -Route: /favicon.ico 404 not found -Method: GET"}
{"level":"warn","message":"27/10/2022 10:23:31 -Route: /images/close.png 404 not found -Method: GET"}
{"level":"warn","message":"27/10/2022 10:23:31 -Route: /images/loading.gif 404 not found -Method: GET"}
{"level":"warn","message":"27/10/2022 10:23:31 -Route: /images/prev.png 404 not found -Method: GET"}
{"level":"warn","message":"27/10/2022 10:23:31 -Route: /images/next.png 404 not found -Method: GET"}
{"level":"warn","message":"27/10/2022 10:23:31 -Route: /favicon.ico 404 not found -Method: GET"}
{"level":"warn","message":"27/10/2022 10:23:31 -Route: /images/prev.png 404 not found -Method: GET"}
{"level":"warn","message":"27/10/2022 10:23:31 -Route: /images/next.png 404 not found -Method: GET"}
{"level":"warn","message":"27/10/2022 10:23:31 -Route: /images/loading.gif 404 not found -Method: GET"}
{"level":"warn","message":"27/10/2022 10:23:31 -Route: /images/close.png 404 not found -Method: GET"}
{"level":"warn","message":"27/10/2022 10:23:31 -Route: /favicon.ico 404 not found -Method: GET"}
{"level":"warn","message":"27/10/2022 10:23:31 -Route: /images/prev.png 404 not found -Method: GET"}
{"level":"warn","message":"27/10/2022 10:23:31 -Route: /images/next.png 404 not found -Method: GET"}
{"level":"warn","message":"27/10/2022 10:23:31 -Route: /images/close.png 404 not found -Method: GET"}
{"level":"warn","message":"27/10/2022 10:23:31 -Route: /images/loading.gif 404 not found -Method: GET"}
{"level":"warn","message":"27/10/2022 10:23:31 -Route: /favicon.ico 404 not found -Method: GET"}
{"level":"warn","message":"27/10/2022 10:23:31 -Route: /favicon.ico 404 not found -Method: GET"}
{"level":"warn","message":"27/10/2022 10:23:31 -Route: /favicon.ico 404 not found -Method: GET"}
{"level":"warn","message":"27/10/2022 10:23:31 -Route: /favicon.ico 404 not found -Method: GET"}
{"level":"warn","message":"27/10/2022 10:23:31 -Route: /favicon.ico 404 not found -Method: GET"}
{"level":"warn","message":"27/10/2022 10:23:31 -Route: /images/loading.gif 404 not found -Method: GET"}
{"level":"warn","message":"27/10/2022 10:23:31 -Route: /images/next.png 404 not found -Method: GET"}
{"level":"warn","message":"27/10/2022 10:23:31 -Route: /images/prev.png 404 not found -Method: GET"}
{"level":"warn","message":"27/10/2022 10:23:31 -Route: /images/close.png 404 not found -Method: GET"}
{"level":"warn","message":"27/10/2022 10:23:31 -Route: /favicon.ico 404 not found -Method: GET"}
{"level":"warn","message":"27/10/2022 10:23:31 -Route: /favicon.ico 404 not found -Method: GET"}
{"level":"warn","message":"27/10/2022 10:23:31 -Route: /favicon.ico 404 not found -Method: GET"}
{"level":"warn","message":"27/10/2022 10:23:31 -Route: /favicon.ico 404 not found -Method: GET"}
{"level":"warn","message":"27/10/2022 10:23:31 -Route: /favicon.ico 404 not found -Method: GET"}
{"level":"warn","message":"27/10/2022 10:23:31 -Route: /images/next.png 404 not found -Method: GET"}
{"level":"warn","message":"27/10/2022 10:23:31 -Route: /images/prev.png 404 not found -Method: GET"}
{"level":"warn","message":"27/10/2022 10:23:31 -Route: /images/loading.gif 404 not found -Method: GET"}
{"level":"warn","message":"27/10/2022 10:23:31 -Route: /images/close.png 404 not found -Method: GET"}
{"level":"warn","message":"27/10/2022 10:23:31 -Route: /favicon.ico 404 not found -Method: GET"}
{"level":"warn","message":"27/10/2022 10:23:31 -Route: /favicon.ico 404 not found -Method: GET"}
{"level":"warn","message":"27/10/2022 10:23:31 -Route: /favicon.ico 404 not found -Method: GET"}
{"level":"warn","message":"27/10/2022 10:23:31 -Route: /images/loading.gif 404 not found -Method: GET"}
{"level":"warn","message":"27/10/2022 10:23:31 -Route: /images/close.png 404 not found -Method: GET"}
{"level":"warn","message":"27/10/2022 10:23:31 -Route: /images/next.png 404 not found -Method: GET"}
{"level":"warn","message":"27/10/2022 10:23:31 -Route: /images/prev.png 404 not found -Method: GET"}
{"level":"warn","message":"27/10/2022 10:23:31 -Route: /favicon.ico 404 not found -Method: GET"}
{"level":"warn","message":"27/10/2022 10:23:31 -Route: /images/loading.gif 404 not found -Method: GET"}
{"level":"warn","message":"27/10/2022 10:23:31 -Route: /images/next.png 404 not found -Method: GET"}
{"level":"warn","message":"27/10/2022 10:23:31 -Route: /images/close.png 404 not found -Method: GET"}
{"level":"warn","message":"27/10/2022 10:23:31 -Route: /images/prev.png 404 not found -Method: GET"}
{"level":"warn","message":"27/10/2022 10:23:31 -Route: /favicon.ico 404 not found -Method: GET"}
{"level":"warn","message":"27/10/2022 10:23:31 -Route: /images/prev.png 404 not found -Method: GET"}
{"level":"warn","message":"27/10/2022 10:23:31 -Route: /images/close.png 404 not found -Method: GET"}
{"level":"warn","message":"27/10/2022 10:23:31 -Route: /images/next.png 404 not found -Method: GET"}
{"level":"warn","message":"27/10/2022 10:23:31 -Route: /images/loading.gif 404 not found -Method: GET"}
{"level":"warn","message":"27/10/2022 10:23:31 -Route: /favicon.ico 404 not found -Method: GET"}
{"level":"warn","message":"27/10/2022 10:23:31 -Route: /favicon.ico 404 not found -Method: GET"}
{"level":"warn","message":"27/10/2022 10:23:31 -Route: /favicon.ico 404 not found -Method: GET"}
{"level":"warn","message":"27/10/2022 10:23:31 -Route: /favicon.ico 404 not found -Method: GET"}
{"level":"warn","message":"27/10/2022 10:23:31 -Route: /images/loading.gif 404 not found -Method: GET"}
{"level":"warn","message":"27/10/2022 10:23:31 -Route: /images/next.png 404 not found -Method: GET"}
{"level":"warn","message":"27/10/2022 10:23:31 -Route: /images/prev.png 404 not found -Method: GET"}
{"level":"warn","message":"27/10/2022 10:23:31 -Route: /images/close.png 404 not found -Method: GET"}
{"level":"warn","message":"27/10/2022 10:23:31 -Route: /favicon.ico 404 not found -Method: GET"}
{"level":"warn","message":"27/10/2022 10:23:31 -Route: /images/close.png 404 not found -Method: GET"}
{"level":"warn","message":"27/10/2022 10:23:31 -Route: /images/loading.gif 404 not found -Method: GET"}
{"level":"warn","message":"27/10/2022 10:23:31 -Route: /images/next.png 404 not found -Method: GET"}
{"level":"warn","message":"27/10/2022 10:23:31 -Route: /images/prev.png 404 not found -Method: GET"}
{"level":"warn","message":"27/10/2022 10:23:31 -Route: /favicon.ico 404 not found -Method: GET"}
{"level":"warn","message":"27/10/2022 10:23:31 -Route: /favicon.ico 404 not found -Method: GET"}
{"level":"warn","message":"27/10/2022 10:23:31 -Route: /favicon.ico 404 not found -Method: GET"}
{"level":"warn","message":"27/10/2022 10:23:31 -Route: /favicon.ico 404 not found -Method: GET"}
{"level":"warn","message":"27/10/2022 10:23:31 -Route: /images/prev.png 404 not found -Method: GET"}
{"level":"warn","message":"27/10/2022 10:23:31 -Route: /images/next.png 404 not found -Method: GET"}
{"level":"warn","message":"27/10/2022 10:23:31 -Route: /images/close.png 404 not found -Method: GET"}
{"level":"warn","message":"27/10/2022 10:23:31 -Route: /images/loading.gif 404 not found -Method: GET"}
{"level":"warn","message":"27/10/2022 10:23:31 -Route: /favicon.ico 404 not found -Method: GET"}
{"level":"warn","message":"27/10/2022 10:23:31 -Route: /images/loading.gif 404 not found -Method: GET"}
{"level":"warn","message":"27/10/2022 10:23:31 -Route: /images/next.png 404 not found -Method: GET"}
{"level":"warn","message":"27/10/2022 10:23:31 -Route: /images/prev.png 404 not found -Method: GET"}
{"level":"warn","message":"27/10/2022 10:23:31 -Route: /images/close.png 404 not found -Method: GET"}
{"level":"warn","message":"27/10/2022 10:23:31 -Route: /favicon.ico 404 not found -Method: GET"}
{"level":"warn","message":"27/10/2022 10:23:31 -Route: /images/next.png 404 not found -Method: GET"}
{"level":"warn","message":"27/10/2022 10:23:31 -Route: /images/loading.gif 404 not found -Method: GET"}
{"level":"warn","message":"27/10/2022 10:23:31 -Route: /images/prev.png 404 not found -Method: GET"}
{"level":"warn","message":"27/10/2022 10:23:31 -Route: /images/close.png 404 not found -Method: GET"}
{"level":"warn","message":"27/10/2022 10:23:31 -Route: /favicon.ico 404 not found -Method: GET"}
{"level":"warn","message":"27/10/2022 10:23:31 -Route: /images/loading.gif 404 not found -Method: GET"}
{"level":"warn","message":"27/10/2022 10:23:31 -Route: /images/prev.png 404 not found -Method: GET"}
{"level":"warn","message":"27/10/2022 10:23:31 -Route: /images/next.png 404 not found -Method: GET"}
{"level":"warn","message":"27/10/2022 10:23:31 -Route: /images/close.png 404 not found -Method: GET"}
{"level":"warn","message":"27/10/2022 10:23:31 -Route: /favicon.ico 404 not found -Method: GET"}
{"level":"warn","message":"27/10/2022 10:23:31 -Route: /images/prev.png 404 not found -Method: GET"}
{"level":"warn","message":"27/10/2022 10:23:31 -Route: /images/loading.gif 404 not found -Method: GET"}
{"level":"warn","message":"27/10/2022 10:23:31 -Route: /images/next.png 404 not found -Method: GET"}
{"level":"warn","message":"27/10/2022 10:23:31 -Route: /images/close.png 404 not found -Method: GET"}
{"level":"warn","message":"27/10/2022 10:23:31 -Route: /favicon.ico 404 not found -Method: GET"}
{"level":"warn","message":"27/10/2022 10:23:31 -Route: /favicon.ico 404 not found -Method: GET"}
{"level":"warn","message":"27/10/2022 10:23:31 -Route: /favicon.ico 404 not found -Method: GET"}
{"level":"warn","message":"27/10/2022 10:23:31 -Route: /images/close.png 404 not found -Method: GET"}
{"level":"warn","message":"27/10/2022 10:23:31 -Route: /images/loading.gif 404 not found -Method: GET"}
{"level":"warn","message":"27/10/2022 10:23:31 -Route: /images/prev.png 404 not found -Method: GET"}
{"level":"warn","message":"27/10/2022 10:23:31 -Route: /images/next.png 404 not found -Method: GET"}
{"level":"warn","message":"27/10/2022 10:23:31 -Route: /favicon.ico 404 not found -Method: GET"}
{"level":"warn","message":"27/10/2022 10:23:31 -Route: /images/prev.png 404 not found -Method: GET"}
{"level":"warn","message":"27/10/2022 10:23:31 -Route: /images/next.png 404 not found -Method: GET"}
{"level":"warn","message":"27/10/2022 10:23:31 -Route: /images/close.png 404 not found -Method: GET"}
{"level":"warn","message":"27/10/2022 10:23:31 -Route: /images/loading.gif 404 not found -Method: GET"}
{"level":"warn","message":"27/10/2022 10:23:31 -Route: /favicon.ico 404 not found -Method: GET"}
{"level":"warn","message":"27/10/2022 10:23:31 -Route: /favicon.ico 404 not found -Method: GET"}
{"level":"warn","message":"27/10/2022 10:23:31 -Route: /favicon.ico 404 not found -Method: GET"}
{"level":"warn","message":"27/10/2022 10:23:31 -Route: /images/loading.gif 404 not found -Method: GET"}
{"level":"warn","message":"27/10/2022 10:23:31 -Route: /images/close.png 404 not found -Method: GET"}
{"level":"warn","message":"27/10/2022 10:23:31 -Route: /images/prev.png 404 not found -Method: GET"}
{"level":"warn","message":"27/10/2022 10:23:31 -Route: /images/next.png 404 not found -Method: GET"}
{"level":"warn","message":"27/10/2022 10:23:31 -Route: /favicon.ico 404 not found -Method: GET"}
{"level":"warn","message":"27/10/2022 20:3:36 -Route: /favicon.ico 404 not found -Method: GET"}
{"level":"warn","message":"27/10/2022 20:3:36 -Route: /favicon.ico 404 not found -Method: GET"}
{"level":"warn","message":"27/10/2022 20:3:36 -Route: /images/prev.png 404 not found -Method: GET"}
{"level":"warn","message":"27/10/2022 20:3:36 -Route: /images/next.png 404 not found -Method: GET"}
{"level":"warn","message":"27/10/2022 20:3:36 -Route: /images/loading.gif 404 not found -Method: GET"}
{"level":"warn","message":"27/10/2022 20:3:36 -Route: /images/close.png 404 not found -Method: GET"}
{"level":"warn","message":"27/10/2022 20:3:36 -Route: /favicon.ico 404 not found -Method: GET"}
{"level":"warn","message":"27/10/2022 20:4:58 -Route: /images/prev.png 404 not found -Method: GET"}
{"level":"warn","message":"27/10/2022 20:4:58 -Route: /images/close.png 404 not found -Method: GET"}
{"level":"warn","message":"27/10/2022 20:4:58 -Route: /images/loading.gif 404 not found -Method: GET"}
{"level":"warn","message":"27/10/2022 20:4:58 -Route: /images/next.png 404 not found -Method: GET"}
{"level":"warn","message":"27/10/2022 20:4:58 -Route: /favicon.ico 404 not found -Method: GET"}
{"level":"warn","message":"27/10/2022 20:8:54 -Route: /images/prev.png 404 not found -Method: GET"}
{"level":"warn","message":"27/10/2022 20:8:54 -Route: /images/close.png 404 not found -Method: GET"}
{"level":"warn","message":"27/10/2022 20:8:54 -Route: /images/loading.gif 404 not found -Method: GET"}
{"level":"warn","message":"27/10/2022 20:8:54 -Route: /images/next.png 404 not found -Method: GET"}
{"level":"warn","message":"27/10/2022 20:8:54 -Route: /favicon.ico 404 not found -Method: GET"}
{"level":"warn","message":"27/10/2022 20:10:20 -Route: /images/prev.png 404 not found -Method: GET"}
{"level":"warn","message":"27/10/2022 20:10:20 -Route: /images/close.png 404 not found -Method: GET"}
{"level":"warn","message":"27/10/2022 20:10:20 -Route: /images/next.png 404 not found -Method: GET"}
{"level":"warn","message":"27/10/2022 20:10:20 -Route: /images/loading.gif 404 not found -Method: GET"}
{"level":"warn","message":"27/10/2022 20:10:20 -Route: /favicon.ico 404 not found -Method: GET"}
{"level":"warn","message":"27/10/2022 20:10:20 -Route: /favicon.ico 404 not found -Method: GET"}
{"level":"warn","message":"27/10/2022 20:10:20 -Route: /favicon.ico 404 not found -Method: GET"}
{"level":"warn","message":"27/10/2022 20:10:20 -Route: /images/close.png 404 not found -Method: GET"}
{"level":"warn","message":"27/10/2022 20:10:20 -Route: /images/loading.gif 404 not found -Method: GET"}
{"level":"warn","message":"27/10/2022 20:10:20 -Route: /images/prev.png 404 not found -Method: GET"}
{"level":"warn","message":"27/10/2022 20:10:20 -Route: /images/next.png 404 not found -Method: GET"}
{"level":"warn","message":"27/10/2022 20:10:20 -Route: /favicon.ico 404 not found -Method: GET"}
{"level":"warn","message":"27/10/2022 20:10:20 -Route: /favicon.ico 404 not found -Method: GET"}
{"level":"warn","message":"28/10/2022 15:46:21 -Route: /favicon.ico 404 not found -Method: GET"}
{"level":"warn","message":"28/10/2022 15:46:21 -Route: /favicon.ico 404 not found -Method: GET"}
{"level":"warn","message":"28/10/2022 15:46:21 -Route: /images/prev.png 404 not found -Method: GET"}
{"level":"warn","message":"28/10/2022 15:46:21 -Route: /images/next.png 404 not found -Method: GET"}
{"level":"warn","message":"28/10/2022 15:46:21 -Route: /images/close.png 404 not found -Method: GET"}
{"level":"warn","message":"28/10/2022 15:46:21 -Route: /images/loading.gif 404 not found -Method: GET"}
{"level":"warn","message":"28/10/2022 15:46:21 -Route: /favicon.ico 404 not found -Method: GET"}
{"level":"warn","message":"28/10/2022 15:46:21 -Route: /images/prev.png 404 not found -Method: GET"}
{"level":"warn","message":"28/10/2022 15:46:21 -Route: /images/loading.gif 404 not found -Method: GET"}
{"level":"warn","message":"28/10/2022 15:46:21 -Route: /images/close.png 404 not found -Method: GET"}
{"level":"warn","message":"28/10/2022 15:46:21 -Route: /images/next.png 404 not found -Method: GET"}
{"level":"warn","message":"28/10/2022 15:46:21 -Route: /favicon.ico 404 not found -Method: GET"}
{"level":"warn","message":"28/10/2022 15:46:21 -Route: /images/prev.png 404 not found -Method: GET"}
{"level":"warn","message":"28/10/2022 15:46:21 -Route: /images/close.png 404 not found -Method: GET"}
{"level":"warn","message":"28/10/2022 15:46:21 -Route: /images/next.png 404 not found -Method: GET"}
{"level":"warn","message":"28/10/2022 15:46:21 -Route: /images/loading.gif 404 not found -Method: GET"}
{"level":"warn","message":"28/10/2022 15:46:21 -Route: /favicon.ico 404 not found -Method: GET"}
{"level":"warn","message":"28/10/2022 15:46:21 -Route: /favicon.ico 404 not found -Method: GET"}
{"level":"warn","message":"28/10/2022 15:46:21 -Route: /favicon.ico 404 not found -Method: GET"}
{"level":"warn","message":"28/10/2022 15:46:21 -Route: /images/loading.gif 404 not found -Method: GET"}
{"level":"warn","message":"28/10/2022 15:46:21 -Route: /images/close.png 404 not found -Method: GET"}
{"level":"warn","message":"28/10/2022 15:46:21 -Route: /images/next.png 404 not found -Method: GET"}
{"level":"warn","message":"28/10/2022 15:46:21 -Route: /images/prev.png 404 not found -Method: GET"}
{"level":"warn","message":"28/10/2022 15:46:21 -Route: /favicon.ico 404 not found -Method: GET"}
{"level":"warn","message":"28/10/2022 15:46:21 -Route: /favicon.ico 404 not found -Method: GET"}
{"level":"warn","message":"28/10/2022 15:46:21 -Route: /favicon.ico 404 not found -Method: GET"}
{"level":"warn","message":"28/10/2022 15:46:21 -Route: /favicon.ico 404 not found -Method: GET"}
{"level":"warn","message":"28/10/2022 15:46:21 -Route: /favicon.ico 404 not found -Method: GET"}
{"level":"warn","message":"28/10/2022 15:46:21 -Route: /favicon.ico 404 not found -Method: GET"}
{"level":"warn","message":"28/10/2022 15:46:21 -Route: /favicon.ico 404 not found -Method: GET"}
{"level":"warn","message":"28/10/2022 15:46:21 -Route: /images/next.png 404 not found -Method: GET"}
{"level":"warn","message":"28/10/2022 15:46:21 -Route: /images/prev.png 404 not found -Method: GET"}
{"level":"warn","message":"28/10/2022 15:46:21 -Route: /images/close.png 404 not found -Method: GET"}
{"level":"warn","message":"28/10/2022 15:46:21 -Route: /images/loading.gif 404 not found -Method: GET"}
{"level":"warn","message":"28/10/2022 15:46:21 -Route: /favicon.ico 404 not found -Method: GET"}
{"level":"warn","message":"28/10/2022 15:46:21 -Route: /images/prev.png 404 not found -Method: GET"}
{"level":"warn","message":"28/10/2022 15:46:21 -Route: /images/next.png 404 not found -Method: GET"}
{"level":"warn","message":"28/10/2022 15:46:21 -Route: /images/close.png 404 not found -Method: GET"}
{"level":"warn","message":"28/10/2022 15:46:21 -Route: /images/loading.gif 404 not found -Method: GET"}
{"level":"warn","message":"28/10/2022 15:46:21 -Route: /favicon.ico 404 not found -Method: GET"}
{"level":"warn","message":"28/10/2022 15:46:21 -Route: /favicon.ico 404 not found -Method: GET"}
{"level":"warn","message":"28/10/2022 15:46:21 -Route: /favicon.ico 404 not found -Method: GET"}
{"level":"warn","message":"28/10/2022 15:46:21 -Route: /images/loading.gif 404 not found -Method: GET"}
{"level":"warn","message":"28/10/2022 15:46:21 -Route: /images/prev.png 404 not found -Method: GET"}
{"level":"warn","message":"28/10/2022 15:46:21 -Route: /images/close.png 404 not found -Method: GET"}
{"level":"warn","message":"28/10/2022 15:46:21 -Route: /images/next.png 404 not found -Method: GET"}
{"level":"warn","message":"28/10/2022 15:46:21 -Route: /favicon.ico 404 not found -Method: GET"}
{"level":"warn","message":"28/10/2022 15:46:21 -Route: /images/next.png 404 not found -Method: GET"}
{"level":"warn","message":"28/10/2022 15:46:21 -Route: /images/prev.png 404 not found -Method: GET"}
{"level":"warn","message":"28/10/2022 15:46:21 -Route: /images/loading.gif 404 not found -Method: GET"}
{"level":"warn","message":"28/10/2022 15:46:21 -Route: /images/close.png 404 not found -Method: GET"}
{"level":"warn","message":"28/10/2022 15:46:21 -Route: /favicon.ico 404 not found -Method: GET"}
{"level":"warn","message":"28/10/2022 15:46:21 -Route: /images/next.png 404 not found -Method: GET"}
{"level":"warn","message":"28/10/2022 15:46:21 -Route: /images/prev.png 404 not found -Method: GET"}
{"level":"warn","message":"28/10/2022 15:46:21 -Route: /images/loading.gif 404 not found -Method: GET"}
{"level":"warn","message":"28/10/2022 15:46:21 -Route: /images/close.png 404 not found -Method: GET"}
{"level":"warn","message":"28/10/2022 15:46:21 -Route: /favicon.ico 404 not found -Method: GET"}
{"level":"warn","message":"28/10/2022 15:46:21 -Route: /images/next.png 404 not found -Method: GET"}
{"level":"warn","message":"28/10/2022 15:46:21 -Route: /images/loading.gif 404 not found -Method: GET"}
{"level":"warn","message":"28/10/2022 15:46:21 -Route: /images/close.png 404 not found -Method: GET"}
{"level":"warn","message":"28/10/2022 15:46:21 -Route: /images/prev.png 404 not found -Method: GET"}
{"level":"warn","message":"28/10/2022 15:46:21 -Route: /favicon.ico 404 not found -Method: GET"}
{"level":"warn","message":"28/10/2022 15:46:21 -Route: /images/close.png 404 not found -Method: GET"}
{"level":"warn","message":"28/10/2022 15:46:21 -Route: /images/prev.png 404 not found -Method: GET"}
{"level":"warn","message":"28/10/2022 15:46:21 -Route: /images/loading.gif 404 not found -Method: GET"}
{"level":"warn","message":"28/10/2022 15:46:21 -Route: /images/next.png 404 not found -Method: GET"}
{"level":"warn","message":"28/10/2022 15:46:21 -Route: /favicon.ico 404 not found -Method: GET"}
{"level":"warn","message":"28/10/2022 15:46:21 -Route: /favicon.ico 404 not found -Method: GET"}
{"level":"warn","message":"28/10/2022 15:46:21 -Route: /favicon.ico 404 not found -Method: GET"}
{"level":"warn","message":"28/10/2022 15:46:21 -Route: /images/prev.png 404 not found -Method: GET"}
{"level":"warn","message":"28/10/2022 15:46:21 -Route: /images/close.png 404 not found -Method: GET"}
{"level":"warn","message":"28/10/2022 15:46:21 -Route: /images/loading.gif 404 not found -Method: GET"}
{"level":"warn","message":"28/10/2022 15:46:21 -Route: /images/next.png 404 not found -Method: GET"}
{"level":"warn","message":"28/10/2022 15:46:21 -Route: /favicon.ico 404 not found -Method: GET"}
{"level":"warn","message":"28/10/2022 15:46:21 -Route: /favicon.ico 404 not found -Method: GET"}
{"level":"warn","message":"28/10/2022 15:46:21 -Route: /favicon.ico 404 not found -Method: GET"}
{"level":"warn","message":"28/10/2022 15:46:21 -Route: /favicon.ico 404 not found -Method: GET"}
{"level":"warn","message":"28/10/2022 15:46:21 -Route: /images/prev.png 404 not found -Method: GET"}
{"level":"warn","message":"28/10/2022 15:46:21 -Route: /images/close.png 404 not found -Method: GET"}
{"level":"warn","message":"28/10/2022 15:46:21 -Route: /images/next.png 404 not found -Method: GET"}
{"level":"warn","message":"28/10/2022 15:46:21 -Route: /images/loading.gif 404 not found -Method: GET"}
{"level":"warn","message":"28/10/2022 15:46:21 -Route: /favicon.ico 404 not found -Method: GET"}
{"level":"warn","message":"28/10/2022 15:46:21 -Route: /images/next.png 404 not found -Method: GET"}
{"level":"warn","message":"28/10/2022 15:46:21 -Route: /images/prev.png 404 not found -Method: GET"}
{"level":"warn","message":"28/10/2022 15:46:21 -Route: /images/close.png 404 not found -Method: GET"}
{"level":"warn","message":"28/10/2022 15:46:21 -Route: /images/loading.gif 404 not found -Method: GET"}
{"level":"warn","message":"28/10/2022 15:46:21 -Route: /favicon.ico 404 not found -Method: GET"}
{"level":"warn","message":"28/10/2022 15:46:21 -Route: /images/prev.png 404 not found -Method: GET"}
{"level":"warn","message":"28/10/2022 15:46:21 -Route: /images/next.png 404 not found -Method: GET"}
{"level":"warn","message":"28/10/2022 15:46:21 -Route: /images/close.png 404 not found -Method: GET"}
{"level":"warn","message":"28/10/2022 15:46:21 -Route: /images/loading.gif 404 not found -Method: GET"}
{"level":"warn","message":"28/10/2022 15:46:21 -Route: /favicon.ico 404 not found -Method: GET"}
{"level":"warn","message":"28/10/2022 15:46:21 -Route: /favicon.ico 404 not found -Method: GET"}
{"level":"warn","message":"28/10/2022 15:46:21 -Route: /images/next.png 404 not found -Method: GET"}
{"level":"warn","message":"28/10/2022 15:46:21 -Route: /images/loading.gif 404 not found -Method: GET"}
{"level":"warn","message":"28/10/2022 15:46:21 -Route: /images/prev.png 404 not found -Method: GET"}
{"level":"warn","message":"28/10/2022 15:46:21 -Route: /images/close.png 404 not found -Method: GET"}
{"level":"warn","message":"28/10/2022 15:46:21 -Route: /favicon.ico 404 not found -Method: GET"}
{"level":"warn","message":"28/10/2022 15:46:21 -Route: /favicon.ico 404 not found -Method: GET"}
{"level":"warn","message":"28/10/2022 15:46:21 -Route: /favicon.ico 404 not found -Method: GET"}
{"level":"warn","message":"28/10/2022 15:46:21 -Route: /favicon.ico 404 not found -Method: GET"}
{"level":"warn","message":"28/10/2022 15:46:21 -Route: /images/next.png 404 not found -Method: GET"}
{"level":"warn","message":"28/10/2022 15:46:21 -Route: /images/loading.gif 404 not found -Method: GET"}
{"level":"warn","message":"28/10/2022 15:46:21 -Route: /images/prev.png 404 not found -Method: GET"}
{"level":"warn","message":"28/10/2022 15:46:21 -Route: /images/close.png 404 not found -Method: GET"}
{"level":"warn","message":"28/10/2022 15:46:21 -Route: /favicon.ico 404 not found -Method: GET"}
{"level":"warn","message":"28/10/2022 15:46:21 -Route: /images/close.png 404 not found -Method: GET"}
{"level":"warn","message":"28/10/2022 15:46:21 -Route: /images/prev.png 404 not found -Method: GET"}
{"level":"warn","message":"28/10/2022 15:46:21 -Route: /images/loading.gif 404 not found -Method: GET"}
{"level":"warn","message":"28/10/2022 15:46:21 -Route: /images/next.png 404 not found -Method: GET"}
{"level":"warn","message":"28/10/2022 15:46:21 -Route: /favicon.ico 404 not found -Method: GET"}
{"level":"warn","message":"28/10/2022 15:46:21 -Route: /favicon.ico 404 not found -Method: GET"}
{"level":"warn","message":"28/10/2022 15:46:21 -Route: /robots.txt 404 not found -Method: GET"}
{"level":"warn","message":"28/10/2022 15:46:21 -Route: /favicon.ico 404 not found -Method: GET"}
{"level":"warn","message":"28/10/2022 15:46:21 -Route: /favicon.ico 404 not found -Method: GET"}
{"level":"warn","message":"28/10/2022 15:46:21 -Route: /favicon.ico 404 not found -Method: GET"}
{"level":"warn","message":"28/10/2022 15:46:21 -Route: /images/loading.gif 404 not found -Method: GET"}
{"level":"warn","message":"28/10/2022 15:46:21 -Route: /images/next.png 404 not found -Method: GET"}
{"level":"warn","message":"28/10/2022 15:46:21 -Route: /images/close.png 404 not found -Method: GET"}
{"level":"warn","message":"28/10/2022 15:46:21 -Route: /images/prev.png 404 not found -Method: GET"}
{"level":"warn","message":"28/10/2022 15:46:21 -Route: /favicon.ico 404 not found -Method: GET"}
{"level":"warn","message":"28/10/2022 15:46:21 -Route: /images/next.png 404 not found -Method: GET"}
{"level":"warn","message":"28/10/2022 15:46:21 -Route: /images/prev.png 404 not found -Method: GET"}
{"level":"warn","message":"28/10/2022 15:46:21 -Route: /images/loading.gif 404 not found -Method: GET"}
{"level":"warn","message":"28/10/2022 15:46:21 -Route: /images/close.png 404 not found -Method: GET"}
{"level":"warn","message":"28/10/2022 15:46:21 -Route: /favicon.ico 404 not found -Method: GET"}
{"level":"warn","message":"28/10/2022 15:46:21 -Route: /images/prev.png 404 not found -Method: GET"}
{"level":"warn","message":"28/10/2022 15:46:21 -Route: /images/loading.gif 404 not found -Method: GET"}
{"level":"warn","message":"28/10/2022 15:46:21 -Route: /images/next.png 404 not found -Method: GET"}
{"level":"warn","message":"28/10/2022 15:46:21 -Route: /images/close.png 404 not found -Method: GET"}
{"level":"warn","message":"28/10/2022 15:46:21 -Route: /favicon.ico 404 not found -Method: GET"}
{"level":"warn","message":"28/10/2022 15:46:21 -Route: /images/prev.png 404 not found -Method: GET"}
{"level":"warn","message":"28/10/2022 15:46:21 -Route: /images/next.png 404 not found -Method: GET"}
{"level":"warn","message":"28/10/2022 15:46:21 -Route: /images/loading.gif 404 not found -Method: GET"}
{"level":"warn","message":"28/10/2022 15:46:21 -Route: /images/close.png 404 not found -Method: GET"}
{"level":"warn","message":"28/10/2022 15:46:21 -Route: /robots.txt 404 not found -Method: GET"}
{"level":"warn","message":"28/10/2022 15:46:21 -Route: /images/prev.png 404 not found -Method: GET"}
{"level":"warn","message":"28/10/2022 15:46:21 -Route: /images/close.png 404 not found -Method: GET"}
{"level":"warn","message":"28/10/2022 15:46:21 -Route: /images/loading.gif 404 not found -Method: GET"}
{"level":"warn","message":"28/10/2022 15:46:21 -Route: /images/next.png 404 not found -Method: GET"}
{"level":"warn","message":"28/10/2022 15:46:21 -Route: /favicon.ico 404 not found -Method: GET"}
{"level":"warn","message":"28/10/2022 15:46:21 -Route: /images/prev.png 404 not found -Method: GET"}
{"level":"warn","message":"28/10/2022 15:46:21 -Route: /images/loading.gif 404 not found -Method: GET"}
{"level":"warn","message":"28/10/2022 15:46:21 -Route: /images/close.png 404 not found -Method: GET"}
{"level":"warn","message":"28/10/2022 15:46:21 -Route: /images/next.png 404 not found -Method: GET"}
{"level":"warn","message":"28/10/2022 15:46:21 -Route: /favicon.ico 404 not found -Method: GET"}
{"level":"warn","message":"28/10/2022 15:46:21 -Route: /favicon.ico 404 not found -Method: GET"}
{"level":"warn","message":"28/10/2022 15:46:21 -Route: /favicon.ico 404 not found -Method: GET"}
{"level":"warn","message":"28/10/2022 15:46:21 -Route: /favicon.ico 404 not found -Method: GET"}
{"level":"warn","message":"28/10/2022 15:46:21 -Route: /favicon.ico 404 not found -Method: GET"}
{"level":"warn","message":"28/10/2022 15:46:21 -Route: /robots.txt 404 not found -Method: GET"}
{"level":"warn","message":"28/10/2022 15:46:21 -Route: /favicon.ico 404 not found -Method: GET"}
{"level":"warn","message":"28/10/2022 15:46:21 -Route: /favicon.ico 404 not found -Method: GET"}
{"level":"warn","message":"28/10/2022 15:46:21 -Route: /favicon.ico 404 not found -Method: GET"}
{"level":"warn","message":"28/10/2022 15:46:21 -Route: /favicon.ico 404 not found -Method: GET"}
{"level":"warn","message":"28/10/2022 15:46:21 -Route: /favicon.ico 404 not found -Method: GET"}
{"level":"warn","message":"28/10/2022 15:46:21 -Route: /favicon.ico 404 not found -Method: GET"}
{"level":"warn","message":"2/11/2022 9:8:43 -Route: /favicon.ico 404 not found -Method: GET"}
{"level":"warn","message":"2/11/2022 9:8:43 -Route: /favicon.ico 404 not found -Method: GET"}
{"level":"warn","message":"2/11/2022 9:14:47 -Route: /favicon.ico 404 not found -Method: GET"}
{"level":"warn","message":"2/11/2022 9:14:47 -Route: /favicon.ico 404 not found -Method: GET"}
{"level":"warn","message":"10/11/2022 15:38:23 -Route: /favicon.ico 404 not found -Method: GET"}
{"level":"warn","message":"10/11/2022 15:38:23 -Route: /favicon.ico 404 not found -Method: GET"}
{"level":"warn","message":"11/11/2022 20:15:40 -Route: /favicon.ico 404 not found -Method: GET"}
{"level":"warn","message":"11/11/2022 20:15:40 -Route: /favicon.ico 404 not found -Method: GET"}
{"level":"warn","message":"11/11/2022 20:15:40 -Route: /favicon.ico 404 not found -Method: GET"}
{"level":"warn","message":"11/11/2022 20:15:40 -Route: /favicon.ico 404 not found -Method: GET"}
{"level":"warn","message":"11/11/2022 20:15:40 -Route: /favicon.ico 404 not found -Method: GET"}
{"level":"warn","message":"11/11/2022 20:15:40 -Route: /images/prev.png 404 not found -Method: GET"}
{"level":"warn","message":"11/11/2022 20:15:40 -Route: /images/next.png 404 not found -Method: GET"}
{"level":"warn","message":"11/11/2022 20:15:40 -Route: /images/close.png 404 not found -Method: GET"}
{"level":"warn","message":"11/11/2022 20:15:40 -Route: /images/loading.gif 404 not found -Method: GET"}
{"level":"warn","message":"11/11/2022 20:15:40 -Route: /favicon.ico 404 not found -Method: GET"}
{"level":"warn","message":"11/11/2022 20:15:40 -Route: /favicon.ico 404 not found -Method: GET"}
{"level":"warn","message":"11/11/2022 20:15:40 -Route: /images/prev.png 404 not found -Method: GET"}
{"level":"warn","message":"11/11/2022 20:15:40 -Route: /images/close.png 404 not found -Method: GET"}
{"level":"warn","message":"11/11/2022 20:15:40 -Route: /images/loading.gif 404 not found -Method: GET"}
{"level":"warn","message":"11/11/2022 20:15:40 -Route: /images/next.png 404 not found -Method: GET"}
{"level":"warn","message":"11/11/2022 20:15:40 -Route: /images/close.png 404 not found -Method: GET"}
{"level":"warn","message":"11/11/2022 20:15:40 -Route: /images/prev.png 404 not found -Method: GET"}
{"level":"warn","message":"11/11/2022 20:15:40 -Route: /images/loading.gif 404 not found -Method: GET"}
{"level":"warn","message":"11/11/2022 20:15:40 -Route: /images/next.png 404 not found -Method: GET"}
{"level":"warn","message":"11/11/2022 20:15:40 -Route: /favicon.ico 404 not found -Method: GET"}
{"level":"warn","message":"11/11/2022 20:15:40 -Route: /favicon.ico 404 not found -Method: GET"}
{"level":"warn","message":"11/11/2022 20:15:40 -Route: /images/prev.png 404 not found -Method: GET"}
{"level":"warn","message":"11/11/2022 20:15:40 -Route: /images/loading.gif 404 not found -Method: GET"}
{"level":"warn","message":"11/11/2022 20:15:40 -Route: /images/next.png 404 not found -Method: GET"}
{"level":"warn","message":"11/11/2022 20:15:40 -Route: /images/close.png 404 not found -Method: GET"}
{"level":"warn","message":"11/11/2022 20:15:40 -Route: /favicon.ico 404 not found -Method: GET"}
{"level":"warn","message":"11/11/2022 20:15:40 -Route: /favicon.ico 404 not found -Method: GET"}
{"level":"warn","message":"11/11/2022 20:15:40 -Route: /favicon.ico 404 not found -Method: GET"}
{"level":"warn","message":"11/11/2022 20:15:40 -Route: /images/next.png 404 not found -Method: GET"}
{"level":"warn","message":"11/11/2022 20:15:40 -Route: /images/prev.png 404 not found -Method: GET"}
{"level":"warn","message":"11/11/2022 20:15:40 -Route: /images/close.png 404 not found -Method: GET"}
{"level":"warn","message":"11/11/2022 20:15:40 -Route: /images/loading.gif 404 not found -Method: GET"}
{"level":"warn","message":"11/11/2022 20:15:40 -Route: /favicon.ico 404 not found -Method: GET"}
{"level":"warn","message":"11/11/2022 20:15:40 -Route: /favicon.ico 404 not found -Method: GET"}
{"level":"warn","message":"11/11/2022 20:15:40 -Route: /favicon.ico 404 not found -Method: GET"}
{"level":"warn","message":"11/11/2022 20:15:40 -Route: /images/loading.gif 404 not found -Method: GET"}
{"level":"warn","message":"11/11/2022 20:15:40 -Route: /images/prev.png 404 not found -Method: GET"}
{"level":"warn","message":"11/11/2022 20:15:40 -Route: /images/next.png 404 not found -Method: GET"}
{"level":"warn","message":"11/11/2022 20:15:40 -Route: /images/close.png 404 not found -Method: GET"}
{"level":"warn","message":"11/11/2022 20:15:40 -Route: /favicon.ico 404 not found -Method: GET"}
{"level":"warn","message":"11/11/2022 20:15:40 -Route: /favicon.ico 404 not found -Method: GET"}
{"level":"warn","message":"11/11/2022 20:15:40 -Route: /favicon.ico 404 not found -Method: GET"}
{"level":"warn","message":"11/11/2022 20:15:40 -Route: /images/prev.png 404 not found -Method: GET"}
{"level":"warn","message":"11/11/2022 20:15:40 -Route: /images/close.png 404 not found -Method: GET"}
{"level":"warn","message":"11/11/2022 20:15:40 -Route: /images/loading.gif 404 not found -Method: GET"}
{"level":"warn","message":"11/11/2022 20:15:40 -Route: /images/next.png 404 not found -Method: GET"}
{"level":"warn","message":"11/11/2022 20:15:40 -Route: /favicon.ico 404 not found -Method: GET"}
{"level":"warn","message":"11/11/2022 20:15:40 -Route: /images/prev.png 404 not found -Method: GET"}
{"level":"warn","message":"11/11/2022 20:15:40 -Route: /images/close.png 404 not found -Method: GET"}
{"level":"warn","message":"11/11/2022 20:15:40 -Route: /images/loading.gif 404 not found -Method: GET"}
{"level":"warn","message":"11/11/2022 20:15:40 -Route: /images/next.png 404 not found -Method: GET"}
{"level":"warn","message":"11/11/2022 20:15:40 -Route: /favicon.ico 404 not found -Method: GET"}
{"level":"warn","message":"11/11/2022 20:15:40 -Route: /images/loading.gif 404 not found -Method: GET"}
{"level":"warn","message":"11/11/2022 20:15:40 -Route: /images/next.png 404 not found -Method: GET"}
{"level":"warn","message":"11/11/2022 20:15:40 -Route: /images/prev.png 404 not found -Method: GET"}
{"level":"warn","message":"11/11/2022 20:15:40 -Route: /images/close.png 404 not found -Method: GET"}
{"level":"warn","message":"11/11/2022 20:15:40 -Route: /favicon.ico 404 not found -Method: GET"}
{"level":"warn","message":"11/11/2022 20:15:40 -Route: /images/loading.gif 404 not found -Method: GET"}
{"level":"warn","message":"11/11/2022 20:15:40 -Route: /images/prev.png 404 not found -Method: GET"}
{"level":"warn","message":"11/11/2022 20:15:40 -Route: /images/next.png 404 not found -Method: GET"}
{"level":"warn","message":"11/11/2022 20:15:40 -Route: /images/close.png 404 not found -Method: GET"}
{"level":"warn","message":"11/11/2022 20:15:40 -Route: /favicon.ico 404 not found -Method: GET"}
{"level":"warn","message":"11/11/2022 20:15:40 -Route: /images/close.png 404 not found -Method: GET"}
{"level":"warn","message":"11/11/2022 20:15:40 -Route: /images/prev.png 404 not found -Method: GET"}
{"level":"warn","message":"11/11/2022 20:15:40 -Route: /images/next.png 404 not found -Method: GET"}
{"level":"warn","message":"11/11/2022 20:15:40 -Route: /images/loading.gif 404 not found -Method: GET"}
{"level":"warn","message":"11/11/2022 20:15:40 -Route: /favicon.ico 404 not found -Method: GET"}
{"level":"warn","message":"11/11/2022 20:15:40 -Route: /images/prev.png 404 not found -Method: GET"}
{"level":"warn","message":"11/11/2022 20:15:40 -Route: /images/close.png 404 not found -Method: GET"}
{"level":"warn","message":"11/11/2022 20:15:40 -Route: /images/next.png 404 not found -Method: GET"}
{"level":"warn","message":"11/11/2022 20:15:40 -Route: /images/loading.gif 404 not found -Method: GET"}
{"level":"warn","message":"11/11/2022 20:15:40 -Route: /favicon.ico 404 not found -Method: GET"}
{"level":"warn","message":"11/11/2022 20:15:40 -Route: /images/prev.png 404 not found -Method: GET"}
{"level":"warn","message":"11/11/2022 20:15:40 -Route: /images/next.png 404 not found -Method: GET"}
{"level":"warn","message":"11/11/2022 20:15:40 -Route: /images/loading.gif 404 not found -Method: GET"}
{"level":"warn","message":"11/11/2022 20:15:40 -Route: /images/close.png 404 not found -Method: GET"}
{"level":"warn","message":"11/11/2022 20:15:40 -Route: /favicon.ico 404 not found -Method: GET"}
{"level":"warn","message":"11/11/2022 20:15:40 -Route: /images/close.png 404 not found -Method: GET"}
{"level":"warn","message":"11/11/2022 20:15:40 -Route: /images/loading.gif 404 not found -Method: GET"}
{"level":"warn","message":"11/11/2022 20:15:40 -Route: /images/prev.png 404 not found -Method: GET"}
{"level":"warn","message":"11/11/2022 20:15:40 -Route: /images/next.png 404 not found -Method: GET"}
{"level":"warn","message":"11/11/2022 20:15:40 -Route: /favicon.ico 404 not found -Method: GET"}
{"level":"warn","message":"11/11/2022 20:15:40 -Route: /favicon.ico 404 not found -Method: GET"}
{"level":"warn","message":"11/11/2022 20:15:40 -Route: /favicon.ico 404 not found -Method: GET"}
{"level":"warn","message":"11/11/2022 20:15:40 -Route: /images/close.png 404 not found -Method: GET"}
{"level":"warn","message":"11/11/2022 20:15:40 -Route: /images/next.png 404 not found -Method: GET"}
{"level":"warn","message":"11/11/2022 20:15:40 -Route: /images/loading.gif 404 not found -Method: GET"}
{"level":"warn","message":"11/11/2022 20:15:40 -Route: /images/prev.png 404 not found -Method: GET"}
{"level":"warn","message":"11/11/2022 20:15:40 -Route: /favicon.ico 404 not found -Method: GET"}
{"level":"warn","message":"11/11/2022 20:15:40 -Route: /images/close.png 404 not found -Method: GET"}
{"level":"warn","message":"11/11/2022 20:15:40 -Route: /images/next.png 404 not found -Method: GET"}
{"level":"warn","message":"11/11/2022 20:15:40 -Route: /images/prev.png 404 not found -Method: GET"}
{"level":"warn","message":"11/11/2022 20:15:40 -Route: /images/loading.gif 404 not found -Method: GET"}
{"level":"warn","message":"11/11/2022 20:15:40 -Route: /favicon.ico 404 not found -Method: GET"}
{"level":"warn","message":"11/11/2022 20:15:40 -Route: /images/prev.png 404 not found -Method: GET"}
{"level":"warn","message":"11/11/2022 20:15:40 -Route: /images/next.png 404 not found -Method: GET"}
{"level":"warn","message":"11/11/2022 20:15:40 -Route: /images/close.png 404 not found -Method: GET"}
{"level":"warn","message":"11/11/2022 20:15:40 -Route: /images/loading.gif 404 not found -Method: GET"}
{"level":"warn","message":"11/11/2022 20:15:40 -Route: /favicon.ico 404 not found -Method: GET"}
{"level":"warn","message":"11/11/2022 20:15:40 -Route: /images/close.png 404 not found -Method: GET"}
{"level":"warn","message":"11/11/2022 20:15:40 -Route: /images/next.png 404 not found -Method: GET"}
{"level":"warn","message":"11/11/2022 20:15:40 -Route: /images/prev.png 404 not found -Method: GET"}
{"level":"warn","message":"11/11/2022 20:15:40 -Route: /images/loading.gif 404 not found -Method: GET"}
{"level":"warn","message":"11/11/2022 20:15:40 -Route: /favicon.ico 404 not found -Method: GET"}
{"level":"warn","message":"11/11/2022 20:15:40 -Route: /favicon.ico 404 not found -Method: GET"}
{"level":"warn","message":"11/11/2022 20:15:40 -Route: /images/next.png 404 not found -Method: GET"}
{"level":"warn","message":"11/11/2022 20:15:40 -Route: /images/prev.png 404 not found -Method: GET"}
{"level":"warn","message":"11/11/2022 20:15:40 -Route: /images/loading.gif 404 not found -Method: GET"}
{"level":"warn","message":"11/11/2022 20:15:40 -Route: /images/close.png 404 not found -Method: GET"}
{"level":"warn","message":"11/11/2022 20:15:40 -Route: /favicon.ico 404 not found -Method: GET"}
{"level":"warn","message":"11/11/2022 20:15:40 -Route: /images/next.png 404 not found -Method: GET"}
{"level":"warn","message":"11/11/2022 20:15:40 -Route: /images/prev.png 404 not found -Method: GET"}
{"level":"warn","message":"11/11/2022 20:15:40 -Route: /images/loading.gif 404 not found -Method: GET"}
{"level":"warn","message":"11/11/2022 20:15:40 -Route: /images/close.png 404 not found -Method: GET"}
{"level":"warn","message":"11/11/2022 20:15:40 -Route: /favicon.ico 404 not found -Method: GET"}
{"level":"warn","message":"11/11/2022 20:15:40 -Route: /images/prev.png 404 not found -Method: GET"}
{"level":"warn","message":"11/11/2022 20:15:40 -Route: /images/next.png 404 not found -Method: GET"}
{"level":"warn","message":"11/11/2022 20:15:40 -Route: /images/close.png 404 not found -Method: GET"}
{"level":"warn","message":"11/11/2022 20:15:40 -Route: /images/loading.gif 404 not found -Method: GET"}
{"level":"warn","message":"11/11/2022 20:15:40 -Route: /favicon.ico 404 not found -Method: GET"}
{"level":"warn","message":"11/11/2022 20:15:40 -Route: /images/next.png 404 not found -Method: GET"}
{"level":"warn","message":"11/11/2022 20:15:40 -Route: /images/loading.gif 404 not found -Method: GET"}
{"level":"warn","message":"11/11/2022 20:15:40 -Route: /images/close.png 404 not found -Method: GET"}
{"level":"warn","message":"11/11/2022 20:15:40 -Route: /images/prev.png 404 not found -Method: GET"}
{"level":"warn","message":"11/11/2022 20:15:40 -Route: /favicon.ico 404 not found -Method: GET"}
{"level":"warn","message":"11/11/2022 20:15:40 -Route: /images/prev.png 404 not found -Method: GET"}
{"level":"warn","message":"11/11/2022 20:15:40 -Route: /images/next.png 404 not found -Method: GET"}
{"level":"warn","message":"11/11/2022 20:15:40 -Route: /images/close.png 404 not found -Method: GET"}
{"level":"warn","message":"11/11/2022 20:15:40 -Route: /images/loading.gif 404 not found -Method: GET"}
{"level":"warn","message":"11/11/2022 20:15:40 -Route: /favicon.ico 404 not found -Method: GET"}
{"level":"warn","message":"11/11/2022 20:15:40 -Route: /images/prev.png 404 not found -Method: GET"}
{"level":"warn","message":"11/11/2022 20:15:40 -Route: /images/close.png 404 not found -Method: GET"}
{"level":"warn","message":"11/11/2022 20:15:40 -Route: /images/next.png 404 not found -Method: GET"}
{"level":"warn","message":"11/11/2022 20:15:40 -Route: /images/loading.gif 404 not found -Method: GET"}
{"level":"warn","message":"11/11/2022 20:15:40 -Route: /favicon.ico 404 not found -Method: GET"}
{"level":"warn","message":"11/11/2022 20:15:40 -Route: /images/prev.png 404 not found -Method: GET"}
{"level":"warn","message":"11/11/2022 20:15:40 -Route: /images/loading.gif 404 not found -Method: GET"}
{"level":"warn","message":"11/11/2022 20:15:40 -Route: /images/close.png 404 not found -Method: GET"}
{"level":"warn","message":"11/11/2022 20:15:40 -Route: /images/next.png 404 not found -Method: GET"}
{"level":"warn","message":"11/11/2022 20:15:40 -Route: /favicon.ico 404 not found -Method: GET"}
{"level":"warn","message":"11/11/2022 20:15:40 -Route: /images/loading.gif 404 not found -Method: GET"}
{"level":"warn","message":"11/11/2022 20:15:40 -Route: /images/next.png 404 not found -Method: GET"}
{"level":"warn","message":"11/11/2022 20:15:40 -Route: /images/close.png 404 not found -Method: GET"}
{"level":"warn","message":"11/11/2022 20:15:40 -Route: /images/prev.png 404 not found -Method: GET"}
{"level":"warn","message":"11/11/2022 20:15:40 -Route: /favicon.ico 404 not found -Method: GET"}
{"level":"warn","message":"11/11/2022 20:15:40 -Route: /images/prev.png 404 not found -Method: GET"}
{"level":"warn","message":"11/11/2022 20:15:40 -Route: /images/next.png 404 not found -Method: GET"}
{"level":"warn","message":"11/11/2022 20:15:40 -Route: /images/close.png 404 not found -Method: GET"}
{"level":"warn","message":"11/11/2022 20:15:40 -Route: /images/loading.gif 404 not found -Method: GET"}
{"level":"warn","message":"11/11/2022 20:15:40 -Route: /favicon.ico 404 not found -Method: GET"}
{"level":"warn","message":"11/11/2022 20:15:40 -Route: /images/prev.png 404 not found -Method: GET"}
{"level":"warn","message":"11/11/2022 20:15:40 -Route: /images/next.png 404 not found -Method: GET"}
{"level":"warn","message":"11/11/2022 20:15:40 -Route: /images/close.png 404 not found -Method: GET"}
{"level":"warn","message":"11/11/2022 20:15:40 -Route: /images/loading.gif 404 not found -Method: GET"}
{"level":"warn","message":"11/11/2022 20:15:40 -Route: /favicon.ico 404 not found -Method: GET"}
{"level":"warn","message":"11/11/2022 20:15:40 -Route: /favicon.ico 404 not found -Method: GET"}
{"level":"warn","message":"11/11/2022 20:15:40 -Route: /images/prev.png 404 not found -Method: GET"}
{"level":"warn","message":"11/11/2022 20:15:40 -Route: /images/close.png 404 not found -Method: GET"}
{"level":"warn","message":"11/11/2022 20:15:40 -Route: /images/loading.gif 404 not found -Method: GET"}
{"level":"warn","message":"11/11/2022 20:15:40 -Route: /images/next.png 404 not found -Method: GET"}
{"level":"warn","message":"11/11/2022 20:15:40 -Route: /favicon.ico 404 not found -Method: GET"}
{"level":"warn","message":"11/11/2022 20:15:40 -Route: /images/loading.gif 404 not found -Method: GET"}
{"level":"warn","message":"11/11/2022 20:15:40 -Route: /images/close.png 404 not found -Method: GET"}
{"level":"warn","message":"11/11/2022 20:15:40 -Route: /images/next.png 404 not found -Method: GET"}
{"level":"warn","message":"11/11/2022 20:15:40 -Route: /images/prev.png 404 not found -Method: GET"}
{"level":"warn","message":"11/11/2022 20:15:40 -Route: /favicon.ico 404 not found -Method: GET"}
{"level":"warn","message":"11/11/2022 20:15:40 -Route: /images/next.png 404 not found -Method: GET"}
{"level":"warn","message":"11/11/2022 20:15:40 -Route: /images/loading.gif 404 not found -Method: GET"}
{"level":"warn","message":"11/11/2022 20:15:40 -Route: /images/close.png 404 not found -Method: GET"}
{"level":"warn","message":"11/11/2022 20:15:40 -Route: /images/prev.png 404 not found -Method: GET"}
{"level":"warn","message":"11/11/2022 20:15:40 -Route: /favicon.ico 404 not found -Method: GET"}
{"level":"warn","message":"11/11/2022 20:15:40 -Route: /images/close.png 404 not found -Method: GET"}
{"level":"warn","message":"11/11/2022 20:15:40 -Route: /images/loading.gif 404 not found -Method: GET"}
{"level":"warn","message":"11/11/2022 20:15:40 -Route: /images/next.png 404 not found -Method: GET"}
{"level":"warn","message":"11/11/2022 20:15:40 -Route: /images/prev.png 404 not found -Method: GET"}
{"level":"warn","message":"11/11/2022 20:15:40 -Route: /favicon.ico 404 not found -Method: GET"}
{"level":"warn","message":"11/11/2022 20:15:40 -Route: /favicon.ico 404 not found -Method: GET"}
{"level":"warn","message":"11/11/2022 20:15:40 -Route: /favicon.ico 404 not found -Method: GET"}
{"level":"warn","message":"11/11/2022 20:15:40 -Route: /favicon.ico 404 not found -Method: GET"}
{"level":"warn","message":"11/11/2022 20:15:40 -Route: /favicon.ico 404 not found -Method: GET"}
{"level":"warn","message":"11/11/2022 20:15:40 -Route: /favicon.ico 404 not found -Method: GET"}
{"level":"warn","message":"11/11/2022 20:15:40 -Route: /favicon.ico 404 not found -Method: GET"}
{"level":"warn","message":"11/11/2022 20:15:40 -Route: /favicon.ico 404 not found -Method: GET"}
{"level":"warn","message":"11/11/2022 20:15:40 -Route: /favicon.ico 404 not found -Method: GET"}
{"level":"warn","message":"11/11/2022 20:15:40 -Route: /favicon.ico 404 not found -Method: GET"}
{"level":"warn","message":"11/11/2022 20:15:40 -Route: /favicon.ico 404 not found -Method: GET"}
{"level":"warn","message":"11/11/2022 20:15:40 -Route: /favicon.ico 404 not found -Method: GET"}
{"level":"warn","message":"11/11/2022 20:15:40 -Route: /favicon.ico 404 not found -Method: GET"}
{"level":"warn","message":"11/11/2022 20:15:40 -Route: /favicon.ico 404 not found -Method: GET"}
{"level":"warn","message":"11/11/2022 20:15:40 -Route: /favicon.ico 404 not found -Method: GET"}
{"level":"warn","message":"11/11/2022 20:15:40 -Route: /favicon.ico 404 not found -Method: GET"}
{"level":"warn","message":"11/11/2022 20:15:40 -Route: /favicon.ico 404 not found -Method: GET"}
{"level":"warn","message":"11/11/2022 20:15:40 -Route: /favicon.ico 404 not found -Method: GET"}
{"level":"warn","message":"11/11/2022 20:15:40 -Route: /favicon.ico 404 not found -Method: GET"}
{"level":"warn","message":"11/11/2022 20:15:40 -Route: /favicon.ico 404 not found -Method: GET"}
{"level":"warn","message":"11/11/2022 20:15:40 -Route: /favicon.ico 404 not found -Method: GET"}
{"level":"warn","message":"11/11/2022 20:15:40 -Route: /favicon.ico 404 not found -Method: GET"}
{"level":"warn","message":"11/11/2022 20:15:40 -Route: /favicon.ico 404 not found -Method: GET"}
{"level":"warn","message":"11/11/2022 20:15:40 -Route: /favicon.ico 404 not found -Method: GET"}
{"level":"warn","message":"11/11/2022 20:15:40 -Route: /favicon.ico 404 not found -Method: GET"}
{"level":"warn","message":"11/11/2022 20:15:40 -Route: /favicon.ico 404 not found -Method: GET"}
{"level":"warn","message":"14/12/2022 18:35:52 -Route: /excellenceSch/businessTrans?appName=Autorizador&endDate=1664495999000&iniDate=1664409600000&schedule=daily 404 not found -Method: GET"}
{"level":"warn","message":"14/12/2022 18:35:52 -Route: /favicon.ico 404 not found -Method: GET"}
{"level":"warn","message":"14/12/2022 18:35:52 -Route: /favicon.ico 404 not found -Method: GET"}
{"level":"warn","message":"14/12/2022 18:35:52 -Route: /favicon.ico 404 not found -Method: GET"}
{"level":"warn","message":"14/12/2022 18:35:52 -Route: /favicon.ico 404 not found -Method: GET"}
{"level":"warn","message":"14/12/2022 18:37:35 -Route: /favicon.ico 404 not found -Method: GET"}
{"level":"warn","message":"14/12/2022 18:37:35 -Route: /favicon.ico 404 not found -Method: GET"}
{"level":"warn","message":"14/12/2022 18:37:35 -Route: /favicon.ico 404 not found -Method: GET"}
{"level":"warn","message":"14/12/2022 18:37:35 -Route: /favicon.ico 404 not found -Method: GET"}
{"level":"warn","message":"14/12/2022 18:37:35 -Route: /favicon.ico 404 not found -Method: GET"}
{"level":"warn","message":"14/12/2022 18:40:10 -Route: /favicon.ico 404 not found -Method: GET"}
{"level":"warn","message":"14/12/2022 18:46:38 -Route: /favicon.ico 404 not found -Method: GET"}
{"level":"warn","message":"14/12/2022 18:52:20 -Route: /favicon.ico 404 not found -Method: GET"}
{"level":"warn","message":"14/12/2022 18:52:20 -Route: /favicon.ico 404 not found -Method: GET"}
{"level":"warn","message":"14/12/2022 18:52:20 -Route: /favicon.ico 404 not found -Method: GET"}
{"level":"warn","message":"14/12/2022 18:56:14 -Route: /favicon.ico 404 not found -Method: GET"}
{"level":"warn","message":"14/12/2022 18:59:43 -Route: /favicon.ico 404 not found -Method: GET"}
{"level":"warn","message":"14/12/2022 18:59:43 -Route: /favicon.ico 404 not found -Method: GET"}
{"level":"warn","message":"14/12/2022 19:11:28 -Route: /favicon.ico 404 not found -Method: GET"}
{"level":"warn","message":"14/12/2022 19:11:28 -Route: /favicon.ico 404 not found -Method: GET"}
{"level":"warn","message":"14/12/2022 19:11:28 -Route: /favicon.ico 404 not found -Method: GET"}
{"level":"warn","message":"14/12/2022 19:11:28 -Route: /favicon.ico 404 not found -Method: GET"}
{"level":"warn","message":"14/12/2022 19:13:18 -Route: /favicon.ico 404 not found -Method: GET"}
{"level":"warn","message":"14/12/2022 19:15:0 -Route: /favicon.ico 404 not found -Method: GET"}
{"level":"warn","message":"14/12/2022 19:20:40 -Route: /favicon.ico 404 not found -Method: GET"}
{"level":"warn","message":"14/12/2022 19:25:22 -Route: /favicon.ico 404 not found -Method: GET"}
{"level":"warn","message":"14/12/2022 19:25:22 -Route: /favicon.ico 404 not found -Method: GET"}
{"level":"warn","message":"14/12/2022 19:25:22 -Route: /favicon.ico 404 not found -Method: GET"}
{"level":"warn","message":"14/12/2022 19:27:47 -Route: /favicon.ico 404 not found -Method: GET"}
{"level":"warn","message":"14/12/2022 19:40:29 -Route: /favicon.ico 404 not found -Method: GET"}
{"level":"warn","message":"14/12/2022 19:40:29 -Route: /favicon.ico 404 not found -Method: GET"}
{"level":"warn","message":"14/12/2022 19:40:29 -Route: /favicon.ico 404 not found -Method: GET"}
{"level":"warn","message":"14/12/2022 20:1:10 -Route: /favicon.ico 404 not found -Method: GET"}
{"level":"warn","message":"14/12/2022 20:1:10 -Route: /favicon.ico 404 not found -Method: GET"}
{"level":"warn","message":"14/12/2022 20:1:10 -Route: /favicon.ico 404 not found -Method: GET"}
{"level":"warn","message":"14/12/2022 20:1:10 -Route: /favicon.ico 404 not found -Method: GET"}
{"level":"warn","message":"14/12/2022 20:1:10 -Route: /favicon.ico 404 not found -Method: GET"}
{"level":"warn","message":"21/12/2022 19:32:48 -Route: /favicon.ico 404 not found -Method: GET"}
{"level":"warn","message":"21/12/2022 19:32:48 -Route: /favicon.ico 404 not found -Method: GET"}
{"level":"warn","message":"21/12/2022 19:32:48 -Route: /images/next.png 404 not found -Method: GET"}
{"level":"warn","message":"21/12/2022 19:32:48 -Route: /images/prev.png 404 not found -Method: GET"}
{"level":"warn","message":"21/12/2022 19:32:48 -Route: /images/loading.gif 404 not found -Method: GET"}
{"level":"warn","message":"21/12/2022 19:32:48 -Route: /images/close.png 404 not found -Method: GET"}
{"level":"warn","message":"21/12/2022 19:32:48 -Route: /images/close.png 404 not found -Method: GET"}
{"level":"warn","message":"21/12/2022 19:32:48 -Route: /images/loading.gif 404 not found -Method: GET"}
{"level":"warn","message":"21/12/2022 19:32:48 -Route: /images/prev.png 404 not found -Method: GET"}
{"level":"warn","message":"21/12/2022 19:32:48 -Route: /images/next.png 404 not found -Method: GET"}
{"level":"warn","message":"21/12/2022 19:32:48 -Route: /favicon.ico 404 not found -Method: GET"}
{"level":"warn","message":"21/12/2022 19:32:48 -Route: /favicon.ico 404 not found -Method: GET"}
{"level":"warn","message":"21/12/2022 19:32:48 -Route: /images/close.png 404 not found -Method: GET"}
{"level":"warn","message":"21/12/2022 19:32:48 -Route: /images/loading.gif 404 not found -Method: GET"}
{"level":"warn","message":"21/12/2022 19:32:48 -Route: /images/next.png 404 not found -Method: GET"}
{"level":"warn","message":"21/12/2022 19:32:48 -Route: /images/prev.png 404 not found -Method: GET"}
{"level":"warn","message":"21/12/2022 19:32:48 -Route: /favicon.ico 404 not found -Method: GET"}
{"level":"warn","message":"21/12/2022 19:32:48 -Route: /images/close.png 404 not found -Method: GET"}
{"level":"warn","message":"21/12/2022 19:32:48 -Route: /images/prev.png 404 not found -Method: GET"}
{"level":"warn","message":"21/12/2022 19:32:48 -Route: /images/next.png 404 not found -Method: GET"}
{"level":"warn","message":"21/12/2022 19:32:48 -Route: /images/loading.gif 404 not found -Method: GET"}
{"level":"warn","message":"21/12/2022 19:32:48 -Route: /favicon.ico 404 not found -Method: GET"}
{"level":"warn","message":"21/12/2022 19:32:48 -Route: /favicon.ico 404 not found -Method: GET"}
{"level":"warn","message":"21/12/2022 19:35:14 -Route: /favicon.ico 404 not found -Method: GET"}
{"level":"warn","message":"21/12/2022 19:35:14 -Route: //cart 404 not found -Method: GET"}
{"level":"warn","message":"21/12/2022 19:35:14 -Route: /favicon.ico 404 not found -Method: GET"}
{"level":"warn","message":"21/12/2022 19:35:14 -Route: //cart 404 not found -Method: GET"}
{"level":"warn","message":"21/12/2022 19:35:14 -Route: /favicon.ico 404 not found -Method: GET"}
{"level":"warn","message":"21/12/2022 19:35:14 -Route: //cart 404 not found -Method: GET"}
{"level":"warn","message":"21/12/2022 19:35:14 -Route: //cart 404 not found -Method: GET"}
{"level":"warn","message":"21/12/2022 19:35:14 -Route: /favicon.ico 404 not found -Method: GET"}
{"level":"warn","message":"21/12/2022 19:35:14 -Route: /favicon.ico 404 not found -Method: GET"}
{"level":"warn","message":"21/12/2022 19:35:14 -Route: /favicon.ico 404 not found -Method: GET"}
{"level":"warn","message":"21/12/2022 19:35:14 -Route: /favicon.ico 404 not found -Method: GET"}
{"level":"warn","message":"21/12/2022 19:35:14 -Route: /favicon.ico 404 not found -Method: GET"}
{"level":"warn","message":"21/12/2022 19:35:14 -Route: /favicon.ico 404 not found -Method: GET"}
{"level":"warn","message":"21/12/2022 19:35:14 -Route: //cart 404 not found -Method: GET"}
{"level":"warn","message":"21/12/2022 19:35:14 -Route: /favicon.ico 404 not found -Method: GET"}
{"level":"warn","message":"21/12/2022 19:36:46 -Route: /favicon.ico 404 not found -Method: GET"}
{"level":"warn","message":"21/12/2022 19:36:46 -Route: /favicon.ico 404 not found -Method: GET"}
{"level":"warn","message":"21/12/2022 19:36:46 -Route: /favicon.ico 404 not found -Method: GET"}
{"level":"warn","message":"21/12/2022 19:37:51 -Route: /favicon.ico 404 not found -Method: GET"}
